TN:
SF:client/src/App.tsx
FN:57,Router
FN:125,App
FNF:2
FNH:0
FNDA:0,Router
FNDA:0,App
DA:1,0
DA:2,0
DA:3,0
DA:4,0
DA:5,0
DA:6,0
DA:7,0
DA:8,0
DA:9,0
DA:10,0
DA:11,0
DA:14,0
DA:15,0
DA:16,0
DA:17,0
DA:18,0
DA:19,0
DA:20,0
DA:21,0
DA:22,0
DA:23,0
DA:26,0
DA:27,0
DA:28,0
DA:29,0
DA:30,0
DA:31,0
DA:34,0
DA:35,0
DA:36,0
DA:37,0
DA:38,0
DA:41,0
DA:42,0
DA:43,0
DA:46,0
DA:47,0
DA:48,0
DA:49,0
DA:52,0
DA:55,0
DA:58,0
DA:126,0
DA:136,0
LF:44
LH:0
BRF:0
BRH:0
end_of_record
TN:
SF:client/src/main.tsx
FNF:0
FNH:0
DA:1,0
DA:2,0
DA:3,0
DA:6,0
DA:8,0
LF:5
LH:0
BRF:0
BRH:0
end_of_record
TN:
SF:client/src/components/AIShowcase.tsx
FN:29,AIShowcase
FN:43,(anonymous_2)
FN:68,(anonymous_3)
FNF:3
FNH:0
FNDA:0,AIShowcase
FNDA:0,(anonymous_2)
FNDA:0,(anonymous_3)
DA:1,0
DA:2,0
DA:4,0
DA:29,0
DA:30,0
DA:44,0
DA:69,0
LF:7
LH:0
BRDA:47,0,0,0
BRDA:47,0,1,0
BRDA:51,1,0,0
BRDA:51,1,1,0
BRDA:60,2,0,0
BRDA:60,2,1,0
BRF:6
BRH:0
end_of_record
TN:
SF:client/src/components/CTASection.tsx
FN:5,CTASection
FNF:1
FNH:0
FNDA:0,CTASection
DA:1,0
DA:2,0
DA:3,0
DA:5,0
DA:6,0
LF:5
LH:0
BRF:0
BRH:0
end_of_record
TN:
SF:client/src/components/DemoModal.tsx
FN:44,DemoModal
FN:62,(anonymous_1)
FN:67,(anonymous_2)
FN:104,(anonymous_3)
FNF:4
FNH:0
FNDA:0,DemoModal
FNDA:0,(anonymous_1)
FNDA:0,(anonymous_2)
FNDA:0,(anonymous_3)
DA:1,0
DA:2,0
DA:9,0
DA:10,0
DA:17,0
DA:44,0
DA:45,0
DA:47,0
DA:63,0
DA:64,0
DA:67,0
DA:104,0
LF:12
LH:0
BRDA:60,0,0,0
BRDA:60,0,1,0
BRF:2
BRH:0
end_of_record
TN:
SF:client/src/components/EmptyState.tsx
FN:26,EmptyState
FN:62,EmptyStateSmall
FNF:2
FNH:0
FNDA:0,EmptyState
FNDA:0,EmptyStateSmall
DA:6,0
DA:7,0
DA:26,0
DA:33,0
DA:62,0
DA:68,0
LF:6
LH:0
BRDA:27,0,0,0
BRDA:43,1,0,0
BRDA:43,1,1,0
BRDA:48,2,0,0
BRDA:48,2,1,0
BRDA:63,3,0,0
BRDA:75,4,0,0
BRDA:75,4,1,0
BRDA:77,5,0,0
BRDA:77,5,1,0
BRF:10
BRH:0
end_of_record
TN:
SF:client/src/components/FAQSection.tsx
FN:39,FAQSection
FN:42,(anonymous_1)
FN:61,(anonymous_2)
FN:68,(anonymous_3)
FNF:4
FNH:0
FNDA:0,FAQSection
FNDA:0,(anonymous_1)
FNDA:0,(anonymous_2)
FNDA:0,(anonymous_3)
DA:1,0
DA:2,0
DA:4,0
DA:39,0
DA:40,0
DA:42,0
DA:43,0
DA:46,0
DA:62,0
DA:68,0
LF:10
LH:0
BRDA:43,0,0,0
BRDA:43,0,1,0
BRDA:77,1,0,0
BRDA:77,1,1,0
BRDA:83,2,0,0
BRDA:83,2,1,0
BRF:6
BRH:0
end_of_record
TN:
SF:client/src/components/FeaturesGrid.tsx
FN:43,FeaturesGrid
FN:60,(anonymous_1)
FNF:2
FNH:0
FNDA:0,FeaturesGrid
FNDA:0,(anonymous_1)
DA:1,0
DA:2,0
DA:4,0
DA:43,0
DA:44,0
DA:61,0
DA:62,0
LF:7
LH:0
BRF:0
BRH:0
end_of_record
TN:
SF:client/src/components/Footer.tsx
FN:9,Footer
FN:13,(anonymous_1)
FN:90,(anonymous_2)
FNF:3
FNH:0
FNDA:0,Footer
FNDA:0,(anonymous_1)
FNDA:0,(anonymous_2)
DA:1,0
DA:2,0
DA:3,0
DA:4,0
DA:5,0
DA:6,0
DA:7,0
DA:9,0
DA:10,0
DA:11,0
DA:13,0
DA:14,0
DA:15,0
DA:19,0
DA:21,0
DA:25,0
DA:28,0
DA:90,0
LF:18
LH:0
BRDA:14,0,0,0
BRDA:14,0,1,0
BRF:2
BRH:0
end_of_record
TN:
SF:client/src/components/HamburgerMenu.tsx
FN:37,HamburgerMenu
FN:42,(anonymous_1)
FN:46,(anonymous_2)
FN:51,(anonymous_3)
FN:123,(anonymous_4)
FN:137,(anonymous_5)
FN:141,(anonymous_6)
FNF:7
FNH:0
FNDA:0,HamburgerMenu
FNDA:0,(anonymous_1)
FNDA:0,(anonymous_2)
FNDA:0,(anonymous_3)
FNDA:0,(anonymous_4)
FNDA:0,(anonymous_5)
FNDA:0,(anonymous_6)
DA:1,0
DA:2,0
DA:3,0
DA:5,0
DA:37,0
DA:38,0
DA:39,0
DA:40,0
DA:42,0
DA:43,0
DA:46,0
DA:47,0
DA:48,0
DA:51,0
DA:52,0
DA:56,0
DA:124,0
DA:138,0
DA:139,0
DA:142,0
DA:143,0
DA:165,0
LF:22
LH:0
BRDA:57,0,0,0
BRDA:57,0,1,0
BRDA:77,1,0,0
BRDA:77,1,1,0
BRDA:183,2,0,0
BRDA:183,2,1,0
BRDA:190,3,0,0
BRDA:190,3,1,0
BRF:8
BRH:0
end_of_record
TN:
SF:client/src/components/HeroSection.tsx
FN:7,HeroSection
FN:49,(anonymous_2)
FN:79,(anonymous_3)
FNF:3
FNH:0
FNDA:0,HeroSection
FNDA:0,(anonymous_2)
FNDA:0,(anonymous_3)
DA:1,0
DA:2,0
DA:3,0
DA:4,0
DA:5,0
DA:7,0
DA:8,0
DA:10,0
DA:49,0
DA:79,0
LF:10
LH:0
BRF:0
BRH:0
end_of_record
TN:
SF:client/src/components/LoadingSkeleton.tsx
FN:12,DashboardSkeleton
FN:23,(anonymous_1)
FN:38,(anonymous_2)
FN:56,TableSkeleton
FN:61,(anonymous_4)
FN:66,(anonymous_5)
FN:68,(anonymous_6)
FN:80,CardGridSkeleton
FN:83,(anonymous_8)
FN:101,FormSkeleton
FN:104,(anonymous_10)
FNF:11
FNH:0
FNDA:0,DashboardSkeleton
FNDA:0,(anonymous_1)
FNDA:0,(anonymous_2)
FNDA:0,TableSkeleton
FNDA:0,(anonymous_4)
FNDA:0,(anonymous_5)
FNDA:0,(anonymous_6)
FNDA:0,CardGridSkeleton
FNDA:0,(anonymous_8)
FNDA:0,FormSkeleton
FNDA:0,(anonymous_10)
DA:6,0
DA:7,0
DA:12,0
DA:13,0
DA:24,0
DA:39,0
DA:56,0
DA:57,0
DA:62,0
DA:67,0
DA:69,0
DA:80,0
DA:81,0
DA:84,0
DA:101,0
DA:102,0
DA:105,0
LF:17
LH:0
BRDA:56,0,0,0
BRDA:56,1,0,0
BRDA:80,2,0,0
BRDA:101,3,0,0
BRF:4
BRH:0
end_of_record
TN:
SF:client/src/components/Navigation.tsx
FN:6,Navigation
FNF:1
FNH:0
FNDA:0,Navigation
DA:1,0
DA:2,0
DA:3,0
DA:4,0
DA:6,0
DA:7,0
LF:6
LH:0
BRF:0
BRH:0
end_of_record
TN:
SF:client/src/components/PageHeader.tsx
FN:18,PageHeader
FN:31,(anonymous_1)
FNF:2
FNH:0
FNDA:0,PageHeader
FNDA:0,(anonymous_1)
DA:7,0
DA:8,0
DA:18,0
DA:25,0
DA:32,0
LF:5
LH:0
BRDA:28,0,0,0
BRDA:28,0,1,0
BRDA:28,0,2,0
BRDA:33,1,0,0
BRDA:33,1,1,0
BRDA:35,2,0,0
BRDA:35,2,1,0
BRDA:56,3,0,0
BRDA:56,3,1,0
BRDA:57,4,0,0
BRDA:57,4,1,0
BRDA:62,5,0,0
BRDA:62,5,1,0
BRDA:70,6,0,0
BRDA:70,6,1,0
BRF:15
BRH:0
end_of_record
TN:
SF:client/src/components/PricingTeaser.tsx
FN:54,PricingTeaser
FN:74,(anonymous_1)
FN:102,(anonymous_2)
FNF:3
FNH:0
FNDA:0,PricingTeaser
FNDA:0,(anonymous_1)
FNDA:0,(anonymous_2)
DA:1,0
DA:2,0
DA:3,0
DA:5,0
DA:54,0
DA:55,0
DA:75,0
DA:103,0
LF:8
LH:0
BRDA:78,0,0,0
BRDA:78,0,1,0
BRDA:84,1,0,0
BRDA:84,1,1,0
BRDA:117,2,0,0
BRDA:117,2,1,0
BRDA:121,3,0,0
BRDA:121,3,1,0
BRDA:124,4,0,0
BRDA:124,4,1,0
BRDA:124,5,0,0
BRDA:124,5,1,0
BRF:12
BRH:0
end_of_record
TN:
SF:client/src/components/ProfessionalHeader.tsx
FN:20,ProfessionalHeader
FNF:1
FNH:0
FNDA:0,ProfessionalHeader
DA:6,0
DA:7,0
DA:8,0
DA:16,0
DA:17,0
DA:18,0
DA:20,0
DA:21,0
LF:8
LH:0
BRF:0
BRH:0
end_of_record
TN:
SF:client/src/components/StatsSection.tsx
FN:30,StatsSection
FN:46,(anonymous_1)
FNF:2
FNH:0
FNDA:0,StatsSection
FNDA:0,(anonymous_1)
DA:1,0
DA:3,0
DA:30,0
DA:31,0
DA:47,0
DA:48,0
LF:6
LH:0
BRF:0
BRH:0
end_of_record
TN:
SF:client/src/components/Testimonials.tsx
FN:34,Testimonials
FN:50,(anonymous_2)
FN:59,(anonymous_3)
FN:72,(anonymous_4)
FNF:4
FNH:0
FNDA:0,Testimonials
FNDA:0,(anonymous_2)
FNDA:0,(anonymous_3)
FNDA:0,(anonymous_4)
DA:1,0
DA:2,0
DA:3,0
DA:4,0
DA:5,0
DA:7,0
DA:34,0
DA:35,0
DA:51,0
DA:60,0
DA:72,0
LF:11
LH:0
BRF:0
BRH:0
end_of_record
TN:
SF:client/src/components/AI/PlatformSelector.tsx
FN:19,PlatformSelector
FN:24,(anonymous_1)
FN:29,(anonymous_2)
FNF:3
FNH:0
FNDA:0,PlatformSelector
FNDA:0,(anonymous_1)
FNDA:0,(anonymous_2)
DA:1,0
DA:2,0
DA:4,0
DA:19,0
DA:20,0
DA:25,0
DA:26,0
DA:29,0
LF:8
LH:0
BRDA:34,0,0,0
BRDA:34,0,1,0
BRDA:43,1,0,0
BRDA:43,1,1,0
BRF:4
BRH:0
end_of_record
TN:
SF:client/src/components/AI/ToneSelector.tsx
FN:22,ToneSelector
FN:27,(anonymous_1)
FN:30,(anonymous_2)
FNF:3
FNH:0
FNDA:0,ToneSelector
FNDA:0,(anonymous_1)
FNDA:0,(anonymous_2)
DA:1,0
DA:2,0
DA:4,0
DA:22,0
DA:23,0
DA:28,0
DA:30,0
LF:7
LH:0
BRDA:35,0,0,0
BRDA:35,0,1,0
BRDA:44,1,0,0
BRDA:44,1,1,0
BRF:4
BRH:0
end_of_record
TN:
SF:client/src/components/AIOptimizer/ContentOptimizer.tsx
FN:26,ContentOptimizer
FN:37,(anonymous_1)
FN:64,(anonymous_2)
FN:65,(anonymous_3)
FN:68,(anonymous_4)
FN:71,(anonymous_5)
FN:82,(anonymous_6)
FN:99,(anonymous_7)
FN:225,(anonymous_8)
FN:229,(anonymous_9)
FN:244,(anonymous_10)
FNF:11
FNH:0
FNDA:0,ContentOptimizer
FNDA:0,(anonymous_1)
FNDA:0,(anonymous_2)
FNDA:0,(anonymous_3)
FNDA:0,(anonymous_4)
FNDA:0,(anonymous_5)
FNDA:0,(anonymous_6)
FNDA:0,(anonymous_7)
FNDA:0,(anonymous_8)
FNDA:0,(anonymous_9)
FNDA:0,(anonymous_10)
DA:1,0
DA:2,0
DA:3,0
DA:4,0
DA:5,0
DA:17,0
DA:26,0
DA:32,0
DA:33,0
DA:34,0
DA:35,0
DA:37,0
DA:38,0
DA:40,0
DA:41,0
DA:42,0
DA:49,0
DA:51,0
DA:52,0
DA:54,0
DA:55,0
DA:58,0
DA:60,0
DA:64,0
DA:65,0
DA:66,0
DA:67,0
DA:68,0
DA:71,0
DA:72,0
DA:74,0
DA:76,0
DA:78,0
DA:82,0
DA:83,0
DA:84,0
DA:85,0
DA:88,0
DA:99,0
DA:226,0
DA:230,0
DA:245,0
LF:42
LH:0
BRDA:27,0,0,0
BRDA:28,1,0,0
BRDA:29,2,0,0
BRDA:38,3,0,0
BRDA:38,3,1,0
BRDA:49,4,0,0
BRDA:49,4,1,0
BRDA:54,5,0,0
BRDA:54,5,1,0
BRDA:72,6,0,0
BRDA:72,6,1,0
BRDA:72,6,2,0
BRDA:83,7,0,0
BRDA:83,7,1,0
BRDA:84,8,0,0
BRDA:84,8,1,0
BRDA:107,9,0,0
BRDA:107,9,1,0
BRDA:109,10,0,0
BRDA:109,10,1,0
BRDA:118,11,0,0
BRDA:118,11,1,0
BRDA:121,12,0,0
BRDA:121,12,1,0
BRDA:137,13,0,0
BRDA:137,13,1,0
BRDA:152,14,0,0
BRDA:152,14,1,0
BRDA:240,15,0,0
BRDA:240,15,1,0
BRDA:240,15,2,0
BRF:31
BRH:0
end_of_record
TN:
SF:client/src/components/AIOptimizer/SmartScheduler.tsx
FN:12,SmartScheduler
FN:15,(anonymous_1)
FN:25,(anonymous_2)
FN:39,(anonymous_3)
FN:50,(anonymous_4)
FN:76,(anonymous_5)
FN:87,(anonymous_6)
FNF:7
FNH:0
FNDA:0,SmartScheduler
FNDA:0,(anonymous_1)
FNDA:0,(anonymous_2)
FNDA:0,(anonymous_3)
FNDA:0,(anonymous_4)
FNDA:0,(anonymous_5)
FNDA:0,(anonymous_6)
DA:1,0
DA:2,0
DA:4,0
DA:5,0
DA:12,0
DA:13,0
DA:16,0
DA:19,0
DA:20,0
DA:25,0
DA:26,0
DA:27,0
DA:28,0
DA:33,0
DA:34,0
DA:36,0
DA:39,0
DA:40,0
DA:41,0
DA:42,0
DA:45,0
DA:46,0
DA:51,0
DA:58,0
DA:60,0
DA:77,0
DA:79,0
DA:87,0
LF:28
LH:0
BRDA:19,0,0,0
BRDA:19,0,1,0
BRDA:40,1,0,0
BRDA:40,1,1,0
BRDA:41,2,0,0
BRDA:41,2,1,0
BRDA:45,3,0,0
BRDA:45,3,1,0
BRDA:58,4,0,0
BRDA:58,4,1,0
BRDA:85,5,0,0
BRDA:85,5,1,0
BRDA:110,6,0,0
BRDA:110,6,1,0
BRF:14
BRH:0
end_of_record
TN:
SF:client/src/components/BulkUpload/index.tsx
FN:36,BulkUpload
FN:90,(anonymous_1)
FN:96,(anonymous_2)
FN:97,(anonymous_3)
FN:98,(anonymous_4)
FN:100,(anonymous_5)
FN:126,(anonymous_6)
FN:215,(anonymous_7)
FN:219,(anonymous_8)
FN:220,(anonymous_9)
FN:340,(anonymous_10)
FN:384,(anonymous_11)
FN:408,(anonymous_12)
FN:416,(anonymous_13)
FN:453,(anonymous_14)
FNF:15
FNH:0
FNDA:0,BulkUpload
FNDA:0,(anonymous_1)
FNDA:0,(anonymous_2)
FNDA:0,(anonymous_3)
FNDA:0,(anonymous_4)
FNDA:0,(anonymous_5)
FNDA:0,(anonymous_6)
FNDA:0,(anonymous_7)
FNDA:0,(anonymous_8)
FNDA:0,(anonymous_9)
FNDA:0,(anonymous_10)
FNDA:0,(anonymous_11)
FNDA:0,(anonymous_12)
FNDA:0,(anonymous_13)
FNDA:0,(anonymous_14)
DA:6,0
DA:7,0
DA:8,0
DA:9,0
DA:22,0
DA:36,0
DA:37,0
DA:38,0
DA:39,0
DA:42,0
DA:90,0
DA:92,0
DA:93,0
DA:96,0
DA:97,0
DA:98,0
DA:100,0
DA:101,0
DA:110,0
DA:113,0
DA:128,0
DA:132,0
DA:133,0
DA:134,0
DA:135,0
DA:136,0
DA:137,0
DA:216,0
DA:217,0
DA:219,0
DA:221,0
DA:222,0
DA:223,0
DA:341,0
DA:385,0
DA:408,0
DA:416,0
DA:453,0
LF:38
LH:0
BRDA:110,0,0,0
BRDA:110,0,1,0
BRDA:151,1,0,0
BRDA:151,1,1,0
BRDA:158,2,0,0
BRDA:158,2,1,0
BRDA:171,3,0,0
BRDA:171,3,1,0
BRDA:178,4,0,0
BRDA:178,4,1,0
BRDA:191,5,0,0
BRDA:191,5,1,0
BRDA:198,6,0,0
BRDA:198,6,1,0
BRDA:209,7,0,0
BRDA:209,7,1,0
BRDA:213,8,0,0
BRDA:213,8,1,0
BRDA:273,9,0,0
BRDA:273,9,1,0
BRDA:350,10,0,0
BRDA:350,10,1,0
BRDA:355,11,0,0
BRDA:355,11,1,0
BRDA:360,12,0,0
BRDA:360,12,1,0
BRDA:379,13,0,0
BRDA:379,13,1,0
BRDA:382,14,0,0
BRDA:382,14,1,0
BRDA:382,14,2,0
BRDA:391,15,0,0
BRDA:391,15,1,0
BRDA:419,16,0,0
BRDA:419,16,1,0
BRDA:426,17,0,0
BRDA:426,17,1,0
BRF:37
BRH:0
end_of_record
TN:
SF:client/src/components/CompetitorAnalysis/index.tsx
FN:46,CompetitorAnalysis
FN:114,(anonymous_1)
FN:126,(anonymous_2)
FN:132,(anonymous_3)
FN:179,(anonymous_4)
FN:205,(anonymous_5)
FN:214,(anonymous_6)
FN:222,(anonymous_7)
FN:296,(anonymous_8)
FN:340,(anonymous_9)
FN:395,(anonymous_10)
FN:412,(anonymous_11)
FNF:12
FNH:0
FNDA:0,CompetitorAnalysis
FNDA:0,(anonymous_1)
FNDA:0,(anonymous_2)
FNDA:0,(anonymous_3)
FNDA:0,(anonymous_4)
FNDA:0,(anonymous_5)
FNDA:0,(anonymous_6)
FNDA:0,(anonymous_7)
FNDA:0,(anonymous_8)
FNDA:0,(anonymous_9)
FNDA:0,(anonymous_10)
FNDA:0,(anonymous_11)
DA:6,0
DA:7,0
DA:8,0
DA:10,0
DA:28,0
DA:46,0
DA:47,0
DA:48,0
DA:51,0
DA:114,0
DA:115,0
DA:123,0
DA:126,0
DA:127,0
DA:128,0
DA:129,0
DA:132,0
DA:133,0
DA:134,0
DA:135,0
DA:137,0
DA:138,0
DA:141,0
DA:179,0
DA:205,0
DA:215,0
DA:222,0
DA:297,0
DA:340,0
DA:396,0
DA:413,0
LF:31
LH:0
BRDA:123,0,0,0
BRDA:123,0,1,0
BRDA:127,1,0,0
BRDA:127,1,1,0
BRDA:128,2,0,0
BRDA:128,2,1,0
BRDA:137,3,0,0
BRDA:137,3,1,0
BRDA:219,4,0,0
BRDA:219,4,1,0
BRDA:257,5,0,0
BRDA:257,5,1,0
BRDA:264,6,0,0
BRDA:264,6,1,0
BRDA:266,7,0,0
BRDA:266,7,1,0
BRDA:333,8,0,0
BRDA:333,8,1,0
BRDA:438,9,0,0
BRDA:438,9,1,0
BRDA:440,10,0,0
BRDA:440,10,1,0
BRF:22
BRH:0
end_of_record
TN:
SF:client/src/components/Dashboard/AnalyticsDashboard.tsx
FN:18,AnalyticsDashboard
FN:22,(anonymous_1)
FN:36,(anonymous_2)
FN:48,(anonymous_3)
FN:203,(anonymous_4)
FN:247,(anonymous_5)
FN:262,(anonymous_6)
FN:288,(anonymous_7)
FN:332,getPlatformIcon
FN:345,formatHour
FNF:10
FNH:0
FNDA:0,AnalyticsDashboard
FNDA:0,(anonymous_1)
FNDA:0,(anonymous_2)
FNDA:0,(anonymous_3)
FNDA:0,(anonymous_4)
FNDA:0,(anonymous_5)
FNDA:0,(anonymous_6)
FNDA:0,(anonymous_7)
FNDA:0,getPlatformIcon
FNDA:0,formatHour
DA:1,0
DA:2,0
DA:3,0
DA:16,0
DA:18,0
DA:20,0
DA:23,0
DA:26,0
DA:27,0
DA:32,0
DA:33,0
DA:37,0
DA:46,0
DA:48,0
DA:49,0
DA:50,0
DA:53,0
DA:58,0
DA:63,0
DA:68,0
DA:204,0
DA:248,0
DA:263,0
DA:289,0
DA:333,0
DA:342,0
DA:346,0
DA:347,0
DA:348,0
LF:29
LH:0
BRDA:26,0,0,0
BRDA:26,0,1,0
BRDA:32,1,0,0
BRDA:32,1,1,0
BRDA:46,2,0,0
BRDA:46,2,1,0
BRDA:49,3,0,0
BRDA:49,3,1,0
BRDA:54,4,0,0
BRDA:54,4,1,0
BRDA:55,5,0,0
BRDA:55,5,1,0
BRDA:59,6,0,0
BRDA:59,6,1,0
BRDA:60,7,0,0
BRDA:60,7,1,0
BRDA:64,8,0,0
BRDA:64,8,1,0
BRDA:65,9,0,0
BRDA:65,9,1,0
BRDA:81,10,0,0
BRDA:81,10,1,0
BRDA:84,11,0,0
BRDA:84,11,1,0
BRDA:114,12,0,0
BRDA:114,12,1,0
BRDA:114,13,0,0
BRDA:114,13,1,0
BRDA:115,14,0,0
BRDA:115,14,1,0
BRDA:116,15,0,0
BRDA:116,15,1,0
BRDA:119,16,0,0
BRDA:119,16,1,0
BRDA:149,17,0,0
BRDA:149,17,1,0
BRDA:149,18,0,0
BRDA:149,18,1,0
BRDA:150,19,0,0
BRDA:150,19,1,0
BRDA:151,20,0,0
BRDA:151,20,1,0
BRDA:154,21,0,0
BRDA:154,21,1,0
BRDA:184,22,0,0
BRDA:184,22,1,0
BRDA:214,23,0,0
BRDA:214,23,1,0
BRDA:267,24,0,0
BRDA:267,24,1,0
BRDA:342,25,0,0
BRDA:342,25,1,0
BRDA:346,26,0,0
BRDA:346,26,1,0
BRDA:347,27,0,0
BRDA:347,27,1,0
BRDA:347,28,0,0
BRDA:347,28,1,0
BRF:58
BRH:0
end_of_record
TN:
SF:client/src/components/Dashboard/NotificationPanel.tsx
FN:65,NotificationPanel
FN:74,(anonymous_2)
FN:80,(anonymous_3)
FNF:3
FNH:0
FNDA:0,NotificationPanel
FNDA:0,(anonymous_2)
FNDA:0,(anonymous_3)
DA:1,0
DA:2,0
DA:3,0
DA:4,0
DA:5,0
DA:16,0
DA:51,0
DA:58,0
DA:65,0
DA:66,0
DA:74,0
DA:81,0
DA:82,0
LF:13
LH:0
BRDA:86,0,0,0
BRDA:86,0,1,0
BRDA:98,1,0,0
BRDA:98,1,1,0
BRF:4
BRH:0
end_of_record
TN:
SF:client/src/components/Dashboard/OnboardingChecklist.tsx
FN:30,OnboardingChecklist
FN:68,(anonymous_1)
FN:93,(anonymous_2)
FN:113,(anonymous_3)
FNF:4
FNH:0
FNDA:0,OnboardingChecklist
FNDA:0,(anonymous_1)
FNDA:0,(anonymous_2)
FNDA:0,(anonymous_3)
DA:1,0
DA:2,0
DA:3,0
DA:4,0
DA:5,0
DA:15,0
DA:30,0
DA:31,0
DA:33,0
DA:68,0
DA:69,0
DA:71,0
DA:93,0
DA:114,0
DA:115,0
LF:15
LH:0
BRDA:96,0,0,0
BRDA:96,0,1,0
BRDA:111,1,0,0
BRDA:111,1,1,0
BRDA:123,2,0,0
BRDA:123,2,1,0
BRDA:130,3,0,0
BRDA:130,3,1,0
BRDA:134,4,0,0
BRDA:134,4,1,0
BRDA:141,5,0,0
BRDA:141,5,1,0
BRDA:148,6,0,0
BRDA:148,6,1,0
BRF:14
BRH:0
end_of_record
TN:
SF:client/src/components/Dashboard/Sidebar.tsx
FN:133,Sidebar
FN:171,(anonymous_1)
FN:179,(anonymous_2)
FNF:3
FNH:0
FNDA:0,Sidebar
FNDA:0,(anonymous_1)
FNDA:0,(anonymous_2)
DA:1,0
DA:8,0
DA:9,0
DA:10,0
DA:11,0
DA:25,0
DA:133,0
DA:134,0
DA:136,0
DA:172,0
DA:180,0
DA:181,0
DA:184,0
DA:211,0
DA:212,0
DA:228,0
LF:16
LH:0
BRDA:133,0,0,0
BRDA:141,1,0,0
BRDA:141,1,1,0
BRDA:154,2,0,0
BRDA:154,2,1,0
BRDA:173,3,0,0
BRDA:173,3,1,0
BRDA:188,4,0,0
BRDA:188,4,1,0
BRDA:191,5,0,0
BRDA:191,5,1,0
BRDA:197,6,0,0
BRDA:197,6,1,0
BRDA:198,7,0,0
BRDA:198,7,1,0
BRDA:201,8,0,0
BRDA:201,8,1,0
BRDA:211,9,0,0
BRDA:211,9,1,0
BRDA:236,10,0,0
BRDA:236,10,1,0
BRF:21
BRH:0
end_of_record
TN:
SF:client/src/components/Dashboard/StatsGrid.tsx
FN:13,StatCard
FN:47,StatsGrid
FN:81,(anonymous_3)
FNF:3
FNH:0
FNDA:0,StatCard
FNDA:0,StatsGrid
FNDA:0,(anonymous_3)
DA:1,0
DA:2,0
DA:3,0
DA:14,0
DA:47,0
DA:48,0
DA:79,0
DA:82,0
LF:8
LH:0
BRDA:20,0,0,0
BRDA:20,0,1,0
BRDA:22,1,0,0
BRDA:22,1,1,0
BRDA:30,2,0,0
BRDA:30,2,1,0
BRDA:33,3,0,0
BRDA:33,3,1,0
BRF:8
BRH:0
end_of_record
TN:
SF:client/src/components/FirstComment/index.tsx
FN:39,FirstComment
FN:169,(anonymous_1)
FN:170,(anonymous_2)
FN:175,(anonymous_3)
FN:176,(anonymous_4)
FN:179,(anonymous_5)
FN:180,(anonymous_6)
FN:183,(anonymous_7)
FN:186,(anonymous_8)
FN:195,(anonymous_9)
FN:205,(anonymous_10)
FN:206,(anonymous_11)
FN:234,(anonymous_12)
FN:297,(anonymous_13)
FN:331,(anonymous_14)
FN:342,(anonymous_15)
FN:395,(anonymous_16)
FN:419,(anonymous_17)
FN:428,(anonymous_18)
FN:448,(anonymous_19)
FN:464,(anonymous_20)
FN:468,(anonymous_21)
FN:529,TemplateForm
FN:545,(anonymous_23)
FN:550,(anonymous_24)
FN:551,(anonymous_25)
FN:567,(anonymous_26)
FN:579,(anonymous_27)
FN:595,(anonymous_28)
FN:607,(anonymous_29)
FN:612,(anonymous_30)
FN:622,(anonymous_31)
FN:635,(anonymous_32)
FNF:33
FNH:0
FNDA:0,FirstComment
FNDA:0,(anonymous_1)
FNDA:0,(anonymous_2)
FNDA:0,(anonymous_3)
FNDA:0,(anonymous_4)
FNDA:0,(anonymous_5)
FNDA:0,(anonymous_6)
FNDA:0,(anonymous_7)
FNDA:0,(anonymous_8)
FNDA:0,(anonymous_9)
FNDA:0,(anonymous_10)
FNDA:0,(anonymous_11)
FNDA:0,(anonymous_12)
FNDA:0,(anonymous_13)
FNDA:0,(anonymous_14)
FNDA:0,(anonymous_15)
FNDA:0,(anonymous_16)
FNDA:0,(anonymous_17)
FNDA:0,(anonymous_18)
FNDA:0,(anonymous_19)
FNDA:0,(anonymous_20)
FNDA:0,(anonymous_21)
FNDA:0,TemplateForm
FNDA:0,(anonymous_23)
FNDA:0,(anonymous_24)
FNDA:0,(anonymous_25)
FNDA:0,(anonymous_26)
FNDA:0,(anonymous_27)
FNDA:0,(anonymous_28)
FNDA:0,(anonymous_29)
FNDA:0,(anonymous_30)
FNDA:0,(anonymous_31)
FNDA:0,(anonymous_32)
DA:1,0
DA:2,0
DA:3,0
DA:4,0
DA:5,0
DA:6,0
DA:7,0
DA:23,0
DA:39,0
DA:40,0
DA:41,0
DA:42,0
DA:43,0
DA:46,0
DA:169,0
DA:170,0
DA:171,0
DA:175,0
DA:176,0
DA:179,0
DA:180,0
DA:181,0
DA:182,0
DA:183,0
DA:186,0
DA:187,0
DA:188,0
DA:189,0
DA:190,0
DA:191,0
DA:192,0
DA:195,0
DA:196,0
DA:201,0
DA:204,0
DA:205,0
DA:206,0
DA:208,0
DA:234,0
DA:298,0
DA:331,0
DA:343,0
DA:395,0
DA:419,0
DA:428,0
DA:448,0
DA:465,0
DA:466,0
DA:469,0
DA:470,0
DA:538,0
DA:539,0
DA:540,0
DA:541,0
DA:542,0
DA:543,0
DA:545,0
DA:547,0
DA:550,0
DA:551,0
DA:555,0
DA:558,0
DA:567,0
DA:579,0
DA:595,0
DA:607,0
DA:612,0
DA:622,0
DA:635,0
LF:69
LH:0
BRDA:171,0,0,0
BRDA:171,0,1,0
BRDA:188,1,0,0
BRDA:188,1,1,0
BRDA:189,2,0,0
BRDA:189,2,1,0
BRDA:190,3,0,0
BRDA:190,3,1,0
BRDA:191,4,0,0
BRDA:191,4,1,0
BRDA:201,5,0,0
BRDA:201,5,1,0
BRDA:230,6,0,0
BRDA:230,6,1,0
BRDA:302,7,0,0
BRDA:302,7,1,0
BRDA:311,8,0,0
BRDA:311,8,1,0
BRDA:350,9,0,0
BRDA:350,9,1,0
BRDA:358,10,0,0
BRDA:358,10,1,0
BRDA:361,11,0,0
BRDA:361,11,1,0
BRDA:385,12,0,0
BRDA:385,12,1,0
BRDA:398,13,0,0
BRDA:398,13,1,0
BRDA:403,14,0,0
BRDA:403,14,1,0
BRDA:439,15,0,0
BRDA:439,15,1,0
BRDA:456,16,0,0
BRDA:456,16,1,0
BRDA:456,16,2,0
BRDA:460,17,0,0
BRDA:460,17,1,0
BRDA:538,18,0,0
BRDA:538,18,1,0
BRDA:539,19,0,0
BRDA:539,19,1,0
BRDA:540,20,0,0
BRDA:540,20,1,0
BRDA:541,21,0,0
BRDA:541,21,1,0
BRDA:542,22,0,0
BRDA:542,22,1,0
BRDA:543,23,0,0
BRDA:543,23,1,0
BRDA:655,24,0,0
BRDA:655,24,1,0
BRDA:659,25,0,0
BRDA:659,25,1,0
BRF:53
BRH:0
end_of_record
TN:
SF:client/src/components/Glass/CircuitBackground.tsx
FN:9,CircuitBackground
FNF:1
FNH:0
FNDA:0,CircuitBackground
DA:1,0
DA:9,0
DA:14,0
DA:16,0
LF:4
LH:0
BRDA:11,0,0,0
BRDA:12,1,0,0
BRDA:20,2,0,0
BRDA:20,2,1,0
BRF:4
BRH:0
end_of_record
TN:
SF:client/src/components/Glass/GlassCard.tsx
FN:11,GlassCard
FNF:1
FNH:0
FNDA:0,GlassCard
DA:2,0
DA:11,0
DA:17,0
LF:3
LH:0
BRDA:14,0,0,0
BRDA:15,1,0,0
BRDA:26,2,0,0
BRDA:26,2,1,0
BRDA:29,3,0,0
BRDA:29,3,1,0
BRF:6
BRH:0
end_of_record
TN:
SF:client/src/components/Glass/GoldenButton.tsx
FN:11,GoldenButton
FNF:1
FNH:0
FNDA:0,GoldenButton
DA:2,0
DA:11,0
DA:20,0
DA:26,0
DA:32,0
LF:5
LH:0
BRDA:14,0,0,0
BRDA:15,1,0,0
BRDA:16,2,0,0
BRDA:42,3,0,0
BRDA:42,3,1,0
BRDA:46,4,0,0
BRDA:46,4,1,0
BRDA:46,4,2,0
BRDA:54,5,0,0
BRDA:54,5,1,0
BRF:10
BRH:0
end_of_record
TN:
SF:client/src/components/Glass/index.ts
FN:1,(anonymous_1)
FN:2,(anonymous_2)
FN:3,(anonymous_3)
FNF:3
FNH:0
FNDA:0,(anonymous_1)
FNDA:0,(anonymous_2)
FNDA:0,(anonymous_3)
DA:1,0
DA:2,0
DA:3,0
LF:3
LH:0
BRF:0
BRH:0
end_of_record
TN:
SF:client/src/components/HashtagGroups/index.tsx
FN:43,HashtagGroups
FN:192,(anonymous_1)
FN:194,(anonymous_2)
FN:197,(anonymous_3)
FN:202,(anonymous_4)
FN:203,(anonymous_5)
FN:206,(anonymous_6)
FN:209,(anonymous_7)
FN:216,(anonymous_8)
FN:217,(anonymous_9)
FN:222,(anonymous_10)
FN:223,(anonymous_11)
FN:226,(anonymous_12)
FN:235,(anonymous_13)
FN:241,(anonymous_14)
FN:242,(anonymous_15)
FN:244,(anonymous_16)
FN:272,(anonymous_17)
FN:337,(anonymous_18)
FN:345,(anonymous_19)
FN:350,(anonymous_20)
FN:364,(anonymous_21)
FN:378,(anonymous_22)
FN:396,(anonymous_23)
FN:441,(anonymous_24)
FN:465,(anonymous_25)
FN:474,(anonymous_26)
FN:497,(anonymous_27)
FN:524,CreateGroupForm
FN:529,(anonymous_29)
FN:543,(anonymous_30)
FN:555,(anonymous_31)
FN:567,(anonymous_32)
FN:572,(anonymous_33)
FNF:34
FNH:0
FNDA:0,HashtagGroups
FNDA:0,(anonymous_1)
FNDA:0,(anonymous_2)
FNDA:0,(anonymous_3)
FNDA:0,(anonymous_4)
FNDA:0,(anonymous_5)
FNDA:0,(anonymous_6)
FNDA:0,(anonymous_7)
FNDA:0,(anonymous_8)
FNDA:0,(anonymous_9)
FNDA:0,(anonymous_10)
FNDA:0,(anonymous_11)
FNDA:0,(anonymous_12)
FNDA:0,(anonymous_13)
FNDA:0,(anonymous_14)
FNDA:0,(anonymous_15)
FNDA:0,(anonymous_16)
FNDA:0,(anonymous_17)
FNDA:0,(anonymous_18)
FNDA:0,(anonymous_19)
FNDA:0,(anonymous_20)
FNDA:0,(anonymous_21)
FNDA:0,(anonymous_22)
FNDA:0,(anonymous_23)
FNDA:0,(anonymous_24)
FNDA:0,(anonymous_25)
FNDA:0,(anonymous_26)
FNDA:0,(anonymous_27)
FNDA:0,CreateGroupForm
FNDA:0,(anonymous_29)
FNDA:0,(anonymous_30)
FNDA:0,(anonymous_31)
FNDA:0,(anonymous_32)
FNDA:0,(anonymous_33)
DA:1,0
DA:2,0
DA:3,0
DA:4,0
DA:5,0
DA:6,0
DA:13,0
DA:28,0
DA:43,0
DA:44,0
DA:45,0
DA:46,0
DA:47,0
DA:48,0
DA:51,0
DA:192,0
DA:194,0
DA:196,0
DA:197,0
DA:198,0
DA:199,0
DA:202,0
DA:203,0
DA:204,0
DA:205,0
DA:206,0
DA:209,0
DA:210,0
DA:216,0
DA:217,0
DA:218,0
DA:222,0
DA:223,0
DA:226,0
DA:227,0
DA:228,0
DA:229,0
DA:230,0
DA:231,0
DA:232,0
DA:235,0
DA:236,0
DA:237,0
DA:238,0
DA:241,0
DA:242,0
DA:243,0
DA:244,0
DA:247,0
DA:272,0
DA:337,0
DA:346,0
DA:350,0
DA:365,0
DA:378,0
DA:397,0
DA:441,0
DA:465,0
DA:474,0
DA:497,0
DA:525,0
DA:526,0
DA:527,0
DA:529,0
DA:531,0
DA:532,0
DA:535,0
DA:543,0
DA:555,0
DA:567,0
DA:572,0
LF:71
LH:0
BRDA:196,0,0,0
BRDA:196,0,1,0
BRDA:198,1,0,0
BRDA:198,1,1,0
BRDA:199,2,0,0
BRDA:199,2,1,0
BRDA:210,3,0,0
BRDA:210,3,1,0
BRDA:218,4,0,0
BRDA:218,4,1,0
BRDA:228,5,0,0
BRDA:228,5,1,0
BRDA:229,6,0,0
BRDA:229,6,1,0
BRDA:230,7,0,0
BRDA:230,7,1,0
BRDA:231,8,0,0
BRDA:231,8,1,0
BRDA:236,9,0,0
BRDA:236,9,1,0
BRDA:237,10,0,0
BRDA:237,10,1,0
BRDA:243,11,0,0
BRDA:243,11,1,0
BRDA:348,12,0,0
BRDA:348,12,1,0
BRDA:353,13,0,0
BRDA:353,13,1,0
BRDA:384,14,0,0
BRDA:384,14,1,0
BRDA:404,15,0,0
BRDA:404,15,1,0
BRDA:431,16,0,0
BRDA:431,16,1,0
BRDA:444,17,0,0
BRDA:444,17,1,0
BRDA:449,18,0,0
BRDA:449,18,1,0
BRDA:485,19,0,0
BRDA:485,19,1,0
BRDA:492,20,0,0
BRDA:492,20,1,0
BRDA:492,21,0,0
BRDA:492,21,1,0
BRDA:496,22,0,0
BRDA:496,22,1,0
BRDA:496,22,2,0
BRDA:586,23,0,0
BRDA:586,23,1,0
BRDA:586,23,2,0
BRF:50
BRH:0
end_of_record
TN:
SF:client/src/components/MediaLibrary/index.tsx
FN:43,MediaLibrary
FN:120,(anonymous_1)
FN:122,(anonymous_2)
FN:124,(anonymous_3)
FN:129,(anonymous_4)
FN:135,(anonymous_5)
FN:143,(anonymous_6)
FN:146,(anonymous_7)
FN:149,(anonymous_8)
FN:184,(anonymous_9)
FN:196,(anonymous_10)
FN:200,(anonymous_11)
FN:211,(anonymous_12)
FN:219,(anonymous_13)
FN:250,(anonymous_14)
FN:264,(anonymous_15)
FN:278,(anonymous_16)
FN:300,(anonymous_17)
FN:308,(anonymous_18)
FN:344,(anonymous_19)
FN:357,(anonymous_20)
FN:382,(anonymous_21)
FN:389,(anonymous_22)
FN:421,(anonymous_23)
FNF:24
FNH:0
FNDA:0,MediaLibrary
FNDA:0,(anonymous_1)
FNDA:0,(anonymous_2)
FNDA:0,(anonymous_3)
FNDA:0,(anonymous_4)
FNDA:0,(anonymous_5)
FNDA:0,(anonymous_6)
FNDA:0,(anonymous_7)
FNDA:0,(anonymous_8)
FNDA:0,(anonymous_9)
FNDA:0,(anonymous_10)
FNDA:0,(anonymous_11)
FNDA:0,(anonymous_12)
FNDA:0,(anonymous_13)
FNDA:0,(anonymous_14)
FNDA:0,(anonymous_15)
FNDA:0,(anonymous_16)
FNDA:0,(anonymous_17)
FNDA:0,(anonymous_18)
FNDA:0,(anonymous_19)
FNDA:0,(anonymous_20)
FNDA:0,(anonymous_21)
FNDA:0,(anonymous_22)
FNDA:0,(anonymous_23)
DA:6,0
DA:7,0
DA:8,0
DA:9,0
DA:10,0
DA:11,0
DA:29,0
DA:43,0
DA:44,0
DA:45,0
DA:46,0
DA:47,0
DA:48,0
DA:49,0
DA:52,0
DA:120,0
DA:122,0
DA:123,0
DA:124,0
DA:125,0
DA:126,0
DA:129,0
DA:130,0
DA:131,0
DA:132,0
DA:135,0
DA:136,0
DA:137,0
DA:138,0
DA:139,0
DA:143,0
DA:144,0
DA:145,0
DA:146,0
DA:149,0
DA:150,0
DA:151,0
DA:152,0
DA:154,0
DA:156,0
DA:159,0
DA:184,0
DA:196,0
DA:201,0
DA:211,0
DA:219,0
DA:250,0
DA:264,0
DA:278,0
DA:301,0
DA:308,0
DA:345,0
DA:346,0
DA:358,0
DA:383,0
DA:389,0
DA:422,0
DA:423,0
LF:58
LH:0
BRDA:123,0,0,0
BRDA:123,0,1,0
BRDA:125,1,0,0
BRDA:125,1,1,0
BRDA:126,2,0,0
BRDA:126,2,1,0
BRDA:130,3,0,0
BRDA:130,3,1,0
BRDA:131,4,0,0
BRDA:131,4,1,0
BRDA:136,5,0,0
BRDA:136,5,1,0
BRDA:136,5,2,0
BRDA:151,6,0,0
BRDA:151,6,1,0
BRDA:195,7,0,0
BRDA:195,7,1,0
BRDA:196,8,0,0
BRDA:196,8,1,0
BRDA:212,9,0,0
BRDA:212,9,1,0
BRDA:220,10,0,0
BRDA:220,10,1,0
BRDA:227,11,0,0
BRDA:227,11,1,0
BRDA:298,12,0,0
BRDA:298,12,1,0
BRDA:305,13,0,0
BRDA:305,13,1,0
BRDA:317,14,0,0
BRDA:317,14,1,0
BRDA:322,15,0,0
BRDA:322,15,1,0
BRDA:336,16,0,0
BRDA:336,16,1,0
BRDA:350,17,0,0
BRDA:350,17,1,0
BRDA:387,18,0,0
BRDA:387,18,1,0
BRDA:398,19,0,0
BRDA:398,19,1,0
BRDA:409,20,0,0
BRDA:409,20,1,0
BRDA:426,21,0,0
BRDA:426,21,1,0
BRDA:448,22,0,0
BRDA:448,22,1,0
BRDA:453,23,0,0
BRDA:453,23,1,0
BRF:49
BRH:0
end_of_record
TN:
SF:client/src/components/PerformanceAlerts/index.tsx
FN:47,PerformanceAlerts
FN:228,(anonymous_1)
FN:234,(anonymous_2)
FN:236,(anonymous_3)
FN:237,(anonymous_4)
FN:242,(anonymous_5)
FN:243,(anonymous_6)
FN:246,(anonymous_7)
FN:247,(anonymous_8)
FN:250,(anonymous_9)
FN:259,(anonymous_10)
FN:272,(anonymous_11)
FN:281,(anonymous_12)
FN:335,(anonymous_13)
FN:349,(anonymous_14)
FN:363,(anonymous_15)
FN:377,(anonymous_16)
FN:387,(anonymous_17)
FN:391,(anonymous_18)
FN:398,(anonymous_19)
FN:441,(anonymous_20)
FN:488,(anonymous_21)
FN:572,(anonymous_22)
FN:603,(anonymous_23)
FN:619,(anonymous_24)
FN:635,(anonymous_25)
FN:651,(anonymous_26)
FN:667,(anonymous_27)
FN:683,(anonymous_28)
FNF:29
FNH:0
FNDA:0,PerformanceAlerts
FNDA:0,(anonymous_1)
FNDA:0,(anonymous_2)
FNDA:0,(anonymous_3)
FNDA:0,(anonymous_4)
FNDA:0,(anonymous_5)
FNDA:0,(anonymous_6)
FNDA:0,(anonymous_7)
FNDA:0,(anonymous_8)
FNDA:0,(anonymous_9)
FNDA:0,(anonymous_10)
FNDA:0,(anonymous_11)
FNDA:0,(anonymous_12)
FNDA:0,(anonymous_13)
FNDA:0,(anonymous_14)
FNDA:0,(anonymous_15)
FNDA:0,(anonymous_16)
FNDA:0,(anonymous_17)
FNDA:0,(anonymous_18)
FNDA:0,(anonymous_19)
FNDA:0,(anonymous_20)
FNDA:0,(anonymous_21)
FNDA:0,(anonymous_22)
FNDA:0,(anonymous_23)
FNDA:0,(anonymous_24)
FNDA:0,(anonymous_25)
FNDA:0,(anonymous_26)
FNDA:0,(anonymous_27)
FNDA:0,(anonymous_28)
DA:1,0
DA:2,0
DA:3,0
DA:4,0
DA:5,0
DA:24,0
DA:47,0
DA:48,0
DA:49,0
DA:52,0
DA:209,0
DA:219,0
DA:228,0
DA:229,0
DA:230,0
DA:231,0
DA:234,0
DA:236,0
DA:237,0
DA:238,0
DA:242,0
DA:243,0
DA:246,0
DA:247,0
DA:250,0
DA:251,0
DA:252,0
DA:253,0
DA:254,0
DA:255,0
DA:256,0
DA:259,0
DA:260,0
DA:262,0
DA:264,0
DA:266,0
DA:268,0
DA:272,0
DA:273,0
DA:274,0
DA:275,0
DA:276,0
DA:277,0
DA:278,0
DA:281,0
DA:282,0
DA:290,0
DA:293,0
DA:335,0
DA:349,0
DA:363,0
DA:377,0
DA:388,0
DA:389,0
DA:391,0
DA:393,0
DA:398,0
DA:442,0
DA:488,0
DA:572,0
DA:604,0
DA:620,0
DA:636,0
DA:652,0
DA:668,0
DA:684,0
LF:66
LH:0
BRDA:229,0,0,0
BRDA:229,0,1,0
BRDA:230,1,0,0
BRDA:230,1,1,0
BRDA:231,2,0,0
BRDA:231,2,1,0
BRDA:238,3,0,0
BRDA:238,3,1,0
BRDA:251,4,0,0
BRDA:251,4,1,0
BRDA:252,5,0,0
BRDA:252,5,1,0
BRDA:253,6,0,0
BRDA:253,6,1,0
BRDA:254,7,0,0
BRDA:254,7,1,0
BRDA:255,8,0,0
BRDA:255,8,1,0
BRDA:260,9,0,0
BRDA:260,9,1,0
BRDA:260,9,2,0
BRDA:260,9,3,0
BRDA:274,10,0,0
BRDA:274,10,1,0
BRDA:275,11,0,0
BRDA:275,11,1,0
BRDA:277,12,0,0
BRDA:277,12,1,0
BRDA:290,13,0,0
BRDA:290,13,1,0
BRDA:301,14,0,0
BRDA:301,14,1,0
BRDA:312,15,0,0
BRDA:312,15,1,0
BRDA:389,16,0,0
BRDA:389,16,1,0
BRDA:396,17,0,0
BRDA:396,17,1,0
BRDA:401,18,0,0
BRDA:401,18,1,0
BRDA:426,19,0,0
BRDA:426,19,1,0
BRDA:433,20,0,0
BRDA:433,20,1,0
BRDA:434,21,0,0
BRDA:434,21,1,0
BRDA:446,22,0,0
BRDA:446,22,1,0
BRDA:469,23,0,0
BRDA:469,23,1,0
BRDA:473,24,0,0
BRDA:473,24,1,0
BRDA:497,25,0,0
BRDA:497,25,1,0
BRDA:512,26,0,0
BRDA:512,26,1,0
BRDA:516,27,0,0
BRDA:516,27,1,0
BRDA:522,28,0,0
BRDA:522,28,1,0
BRDA:530,29,0,0
BRDA:530,29,1,0
BRDA:538,30,0,0
BRDA:538,30,1,0
BRDA:542,31,0,0
BRDA:542,31,1,0
BRDA:548,32,0,0
BRDA:548,32,1,0
BRDA:560,33,0,0
BRDA:560,33,1,0
BRDA:560,33,2,0
BRDA:568,34,0,0
BRDA:568,34,1,0
BRF:73
BRH:0
end_of_record
TN:
SF:client/src/components/PostTemplates/index.tsx
FN:53,PostTemplates
FN:279,(anonymous_1)
FN:281,(anonymous_2)
FN:293,(anonymous_3)
FN:294,(anonymous_4)
FN:297,(anonymous_5)
FN:300,(anonymous_6)
FN:307,(anonymous_7)
FN:308,(anonymous_8)
FN:313,(anonymous_9)
FN:314,(anonymous_10)
FN:317,(anonymous_11)
FN:326,(anonymous_12)
FN:332,(anonymous_13)
FN:345,(anonymous_14)
FN:347,(anonymous_15)
FN:375,(anonymous_16)
FN:429,(anonymous_17)
FN:440,(anonymous_18)
FN:445,(anonymous_19)
FN:458,(anonymous_20)
FN:463,(anonymous_21)
FN:478,(anonymous_22)
FN:492,(anonymous_23)
FN:528,(anonymous_24)
FN:598,(anonymous_25)
FN:608,(anonymous_26)
FN:632,(anonymous_27)
FN:655,(anonymous_28)
FN:665,(anonymous_29)
FN:676,(anonymous_30)
FN:684,(anonymous_31)
FN:714,CreateTemplateForm
FN:721,(anonymous_33)
FN:736,(anonymous_34)
FN:748,(anonymous_35)
FN:767,(anonymous_36)
FN:779,(anonymous_37)
FN:794,(anonymous_38)
FNF:39
FNH:0
FNDA:0,PostTemplates
FNDA:0,(anonymous_1)
FNDA:0,(anonymous_2)
FNDA:0,(anonymous_3)
FNDA:0,(anonymous_4)
FNDA:0,(anonymous_5)
FNDA:0,(anonymous_6)
FNDA:0,(anonymous_7)
FNDA:0,(anonymous_8)
FNDA:0,(anonymous_9)
FNDA:0,(anonymous_10)
FNDA:0,(anonymous_11)
FNDA:0,(anonymous_12)
FNDA:0,(anonymous_13)
FNDA:0,(anonymous_14)
FNDA:0,(anonymous_15)
FNDA:0,(anonymous_16)
FNDA:0,(anonymous_17)
FNDA:0,(anonymous_18)
FNDA:0,(anonymous_19)
FNDA:0,(anonymous_20)
FNDA:0,(anonymous_21)
FNDA:0,(anonymous_22)
FNDA:0,(anonymous_23)
FNDA:0,(anonymous_24)
FNDA:0,(anonymous_25)
FNDA:0,(anonymous_26)
FNDA:0,(anonymous_27)
FNDA:0,(anonymous_28)
FNDA:0,(anonymous_29)
FNDA:0,(anonymous_30)
FNDA:0,(anonymous_31)
FNDA:0,CreateTemplateForm
FNDA:0,(anonymous_33)
FNDA:0,(anonymous_34)
FNDA:0,(anonymous_35)
FNDA:0,(anonymous_36)
FNDA:0,(anonymous_37)
FNDA:0,(anonymous_38)
DA:1,0
DA:2,0
DA:3,0
DA:4,0
DA:5,0
DA:6,0
DA:13,0
DA:31,0
DA:53,0
DA:54,0
DA:55,0
DA:56,0
DA:57,0
DA:58,0
DA:59,0
DA:62,0
DA:278,0
DA:279,0
DA:281,0
DA:283,0
DA:286,0
DA:289,0
DA:290,0
DA:293,0
DA:294,0
DA:295,0
DA:296,0
DA:297,0
DA:300,0
DA:301,0
DA:307,0
DA:308,0
DA:309,0
DA:313,0
DA:314,0
DA:317,0
DA:318,0
DA:319,0
DA:320,0
DA:321,0
DA:322,0
DA:323,0
DA:326,0
DA:327,0
DA:328,0
DA:329,0
DA:332,0
DA:333,0
DA:341,0
DA:344,0
DA:345,0
DA:346,0
DA:347,0
DA:350,0
DA:375,0
DA:429,0
DA:441,0
DA:445,0
DA:459,0
DA:463,0
DA:479,0
DA:492,0
DA:529,0
DA:598,0
DA:608,0
DA:632,0
DA:655,0
DA:665,0
DA:677,0
DA:684,0
DA:715,0
DA:716,0
DA:717,0
DA:718,0
DA:719,0
DA:721,0
DA:723,0
DA:724,0
DA:727,0
DA:736,0
DA:748,0
DA:767,0
DA:779,0
DA:794,0
LF:84
LH:0
BRDA:283,0,0,0
BRDA:283,0,1,0
BRDA:286,1,0,0
BRDA:286,1,1,0
BRDA:286,1,2,0
BRDA:289,2,0,0
BRDA:289,2,1,0
BRDA:290,3,0,0
BRDA:290,3,1,0
BRDA:290,3,2,0
BRDA:301,4,0,0
BRDA:301,4,1,0
BRDA:309,5,0,0
BRDA:309,5,1,0
BRDA:319,6,0,0
BRDA:319,6,1,0
BRDA:320,7,0,0
BRDA:320,7,1,0
BRDA:321,8,0,0
BRDA:321,8,1,0
BRDA:322,9,0,0
BRDA:322,9,1,0
BRDA:327,10,0,0
BRDA:327,10,1,0
BRDA:328,11,0,0
BRDA:328,11,1,0
BRDA:341,12,0,0
BRDA:341,12,1,0
BRDA:346,13,0,0
BRDA:346,13,1,0
BRDA:443,14,0,0
BRDA:443,14,1,0
BRDA:448,15,0,0
BRDA:448,15,1,0
BRDA:461,16,0,0
BRDA:461,16,1,0
BRDA:466,17,0,0
BRDA:466,17,1,0
BRDA:498,18,0,0
BRDA:498,18,1,0
BRDA:517,19,0,0
BRDA:517,19,1,0
BRDA:536,20,0,0
BRDA:536,20,1,0
BRDA:551,21,0,0
BRDA:551,21,1,0
BRDA:586,22,0,0
BRDA:586,22,1,0
BRDA:611,23,0,0
BRDA:611,23,1,0
BRDA:616,24,0,0
BRDA:616,24,1,0
BRDA:643,25,0,0
BRDA:643,25,1,0
BRDA:650,26,0,0
BRDA:650,26,1,0
BRDA:650,27,0,0
BRDA:650,27,1,0
BRDA:650,27,2,0
BRDA:654,28,0,0
BRDA:654,28,1,0
BRDA:654,28,2,0
BRDA:654,28,3,0
BRDA:664,29,0,0
BRDA:664,29,1,0
BRDA:810,30,0,0
BRDA:810,30,1,0
BRDA:810,30,2,0
BRF:68
BRH:0
end_of_record
TN:
SF:client/src/components/SocialInbox/index.tsx
FN:49,SocialInbox
FN:157,(anonymous_1)
FN:171,(anonymous_2)
FN:172,(anonymous_3)
FN:174,(anonymous_4)
FN:184,(anonymous_5)
FN:193,(anonymous_6)
FN:201,(anonymous_7)
FN:284,(anonymous_8)
FN:292,(anonymous_9)
FN:303,(anonymous_10)
FN:314,(anonymous_11)
FN:329,(anonymous_12)
FN:332,(anonymous_13)
FN:474,(anonymous_14)
FNF:15
FNH:0
FNDA:0,SocialInbox
FNDA:0,(anonymous_1)
FNDA:0,(anonymous_2)
FNDA:0,(anonymous_3)
FNDA:0,(anonymous_4)
FNDA:0,(anonymous_5)
FNDA:0,(anonymous_6)
FNDA:0,(anonymous_7)
FNDA:0,(anonymous_8)
FNDA:0,(anonymous_9)
FNDA:0,(anonymous_10)
FNDA:0,(anonymous_11)
FNDA:0,(anonymous_12)
FNDA:0,(anonymous_13)
FNDA:0,(anonymous_14)
DA:6,0
DA:7,0
DA:8,0
DA:9,0
DA:10,0
DA:11,0
DA:29,0
DA:49,0
DA:50,0
DA:51,0
DA:52,0
DA:53,0
DA:56,0
DA:157,0
DA:159,0
DA:164,0
DA:168,0
DA:171,0
DA:172,0
DA:174,0
DA:175,0
DA:181,0
DA:184,0
DA:185,0
DA:186,0
DA:187,0
DA:188,0
DA:189,0
DA:193,0
DA:194,0
DA:195,0
DA:196,0
DA:197,0
DA:201,0
DA:202,0
DA:203,0
DA:204,0
DA:205,0
DA:207,0
DA:208,0
DA:209,0
DA:212,0
DA:284,0
DA:292,0
DA:303,0
DA:314,0
DA:330,0
DA:332,0
DA:474,0
LF:49
LH:0
BRDA:159,0,0,0
BRDA:159,0,1,0
BRDA:159,0,2,0
BRDA:159,0,3,0
BRDA:159,0,4,0
BRDA:164,1,0,0
BRDA:164,1,1,0
BRDA:164,1,2,0
BRDA:168,2,0,0
BRDA:168,2,1,0
BRDA:181,3,0,0
BRDA:181,3,1,0
BRDA:185,4,0,0
BRDA:185,4,1,0
BRDA:185,4,2,0
BRDA:185,4,3,0
BRDA:194,5,0,0
BRDA:194,5,1,0
BRDA:194,5,2,0
BRDA:207,6,0,0
BRDA:207,6,1,0
BRDA:208,7,0,0
BRDA:208,7,1,0
BRDA:295,8,0,0
BRDA:295,8,1,0
BRDA:306,9,0,0
BRDA:306,9,1,0
BRDA:317,10,0,0
BRDA:317,10,1,0
BRDA:335,11,0,0
BRDA:335,11,1,0
BRDA:336,12,0,0
BRDA:336,12,1,0
BRDA:378,13,0,0
BRDA:378,13,1,0
BRDA:381,14,0,0
BRDA:381,14,1,0
BRDA:384,15,0,0
BRDA:384,15,1,0
BRDA:398,16,0,0
BRDA:398,16,1,0
BRDA:421,17,0,0
BRDA:421,17,1,0
BRDA:433,18,0,0
BRDA:433,18,1,0
BRDA:458,19,0,0
BRDA:458,19,1,0
BRF:47
BRH:0
end_of_record
TN:
SF:client/src/components/examples/AIShowcase.tsx
FN:3,AIShowcaseExample
FNF:1
FNH:0
FNDA:0,AIShowcaseExample
DA:1,0
DA:3,0
DA:4,0
LF:3
LH:0
BRF:0
BRH:0
end_of_record
TN:
SF:client/src/components/examples/FeaturesGrid.tsx
FN:3,FeaturesGridExample
FNF:1
FNH:0
FNDA:0,FeaturesGridExample
DA:1,0
DA:3,0
DA:4,0
LF:3
LH:0
BRF:0
BRH:0
end_of_record
TN:
SF:client/src/components/examples/Footer.tsx
FN:3,FooterExample
FNF:1
FNH:0
FNDA:0,FooterExample
DA:1,0
DA:3,0
DA:4,0
LF:3
LH:0
BRF:0
BRH:0
end_of_record
TN:
SF:client/src/components/examples/HeroSection.tsx
FN:3,HeroSectionExample
FNF:1
FNH:0
FNDA:0,HeroSectionExample
DA:1,0
DA:3,0
DA:4,0
LF:3
LH:0
BRF:0
BRH:0
end_of_record
TN:
SF:client/src/components/examples/Navigation.tsx
FN:3,NavigationExample
FNF:1
FNH:0
FNDA:0,NavigationExample
DA:1,0
DA:3,0
DA:4,0
LF:3
LH:0
BRF:0
BRH:0
end_of_record
TN:
SF:client/src/components/examples/PricingTeaser.tsx
FN:3,PricingTeaserExample
FNF:1
FNH:0
FNDA:0,PricingTeaserExample
DA:1,0
DA:3,0
DA:4,0
LF:3
LH:0
BRF:0
BRH:0
end_of_record
TN:
SF:client/src/components/examples/Testimonials.tsx
FN:3,TestimonialsExample
FNF:1
FNH:0
FNDA:0,TestimonialsExample
DA:1,0
DA:3,0
DA:4,0
LF:3
LH:0
BRF:0
BRH:0
end_of_record
TN:
SF:client/src/components/ui/accordion.tsx
FN:12,(anonymous_9)
FN:24,(anonymous_10)
FN:44,(anonymous_11)
FNF:3
FNH:0
FNDA:0,(anonymous_9)
FNDA:0,(anonymous_10)
FNDA:0,(anonymous_11)
DA:1,0
DA:2,0
DA:3,0
DA:5,0
DA:7,0
DA:9,0
DA:13,0
DA:19,0
DA:21,0
DA:25,0
DA:39,0
DA:41,0
DA:45,0
DA:54,0
DA:56,0
LF:15
LH:0
BRF:0
BRH:0
end_of_record
TN:
SF:client/src/components/ui/alert-dialog.tsx
FN:16,(anonymous_9)
FN:31,(anonymous_10)
FN:46,(anonymous_11)
FN:60,(anonymous_12)
FN:77,(anonymous_13)
FN:89,(anonymous_14)
FN:102,(anonymous_15)
FN:114,(anonymous_16)
FNF:8
FNH:0
FNDA:0,(anonymous_9)
FNDA:0,(anonymous_10)
FNDA:0,(anonymous_11)
FNDA:0,(anonymous_12)
FNDA:0,(anonymous_13)
FNDA:0,(anonymous_14)
FNDA:0,(anonymous_15)
FNDA:0,(anonymous_16)
DA:1,0
DA:2,0
DA:4,0
DA:5,0
DA:7,0
DA:9,0
DA:11,0
DA:13,0
DA:17,0
DA:26,0
DA:28,0
DA:32,0
DA:44,0
DA:46,0
DA:50,0
DA:58,0
DA:60,0
DA:64,0
DA:72,0
DA:74,0
DA:78,0
DA:84,0
DA:86,0
DA:90,0
DA:96,0
DA:99,0
DA:103,0
DA:109,0
DA:111,0
DA:115,0
DA:125,0
DA:128,0
DA:129,0
DA:130,0
DA:131,0
DA:132,0
DA:133,0
DA:134,0
DA:135,0
DA:136,0
DA:137,0
DA:138,0
LF:42
LH:0
BRF:0
BRH:0
end_of_record
TN:
SF:client/src/components/ui/alert.tsx
FN:25,(anonymous_9)
FN:38,(anonymous_10)
FN:50,(anonymous_11)
FNF:3
FNH:0
FNDA:0,(anonymous_9)
FNDA:0,(anonymous_10)
FNDA:0,(anonymous_11)
DA:1,0
DA:2,0
DA:4,0
DA:6,0
DA:22,0
DA:26,0
DA:33,0
DA:35,0
DA:39,0
DA:45,0
DA:47,0
DA:51,0
DA:57,0
DA:59,0
LF:14
LH:0
BRF:0
BRH:0
end_of_record
TN:
SF:client/src/components/ui/aspect-ratio.tsx
FNF:0
FNH:0
DA:1,0
DA:3,0
DA:5,0
LF:3
LH:0
BRF:0
BRH:0
end_of_record
TN:
SF:client/src/components/ui/avatar.tsx
FN:11,(anonymous_9)
FN:27,(anonymous_10)
FN:39,(anonymous_11)
FNF:3
FNH:0
FNDA:0,(anonymous_9)
FNDA:0,(anonymous_10)
FNDA:0,(anonymous_11)
DA:3,0
DA:4,0
DA:6,0
DA:8,0
DA:12,0
DA:22,0
DA:24,0
DA:28,0
DA:34,0
DA:36,0
DA:40,0
DA:49,0
DA:51,0
LF:13
LH:0
BRF:0
BRH:0
end_of_record
TN:
SF:client/src/components/ui/badge.tsx
FN:32,Badge
FNF:1
FNH:0
FNDA:0,Badge
DA:1,0
DA:2,0
DA:4,0
DA:6,0
DA:33,0
DA:38,0
LF:6
LH:0
BRF:0
BRH:0
end_of_record
TN:
SF:client/src/components/ui/breadcrumb.tsx
FN:12,(anonymous_9)
FN:18,(anonymous_10)
FN:33,(anonymous_11)
FN:47,(anonymous_12)
FN:63,(anonymous_13)
FN:75,(anonymous_14)
FN:91,(anonymous_15)
FNF:7
FNH:0
FNDA:0,(anonymous_9)
FNDA:0,(anonymous_10)
FNDA:0,(anonymous_11)
FNDA:0,(anonymous_12)
FNDA:0,(anonymous_13)
FNDA:0,(anonymous_14)
FNDA:0,(anonymous_15)
DA:1,0
DA:2,0
DA:3,0
DA:5,0
DA:7,0
DA:12,0
DA:13,0
DA:15,0
DA:19,0
DA:28,0
DA:30,0
DA:34,0
DA:40,0
DA:42,0
DA:48,0
DA:50,0
DA:58,0
DA:60,0
DA:64,0
DA:73,0
DA:75,0
DA:80,0
DA:89,0
DA:91,0
DA:95,0
DA:105,0
DA:108,0
DA:109,0
DA:110,0
DA:111,0
DA:112,0
DA:113,0
DA:114,0
LF:33
LH:0
BRDA:48,0,0,0
BRDA:48,0,1,0
BRDA:86,1,0,0
BRDA:86,1,1,0
BRF:4
BRH:0
end_of_record
TN:
SF:client/src/components/ui/button.tsx
FN:49,(anonymous_9)
FNF:1
FNH:0
FNDA:0,(anonymous_9)
DA:1,0
DA:2,0
DA:3,0
DA:5,0
DA:7,0
DA:48,0
DA:50,0
DA:51,0
DA:60,0
DA:62,0
LF:10
LH:0
BRDA:49,0,0,0
BRDA:50,1,0,0
BRDA:50,1,1,0
BRF:3
BRH:0
end_of_record
TN:
SF:client/src/components/ui/calendar.tsx
FN:10,Calendar
FN:55,(anonymous_10)
FN:58,(anonymous_11)
FNF:3
FNH:0
FNDA:0,Calendar
FNDA:0,(anonymous_10)
FNDA:0,(anonymous_11)
DA:1,0
DA:2,0
DA:3,0
DA:5,0
DA:6,0
DA:16,0
DA:56,0
DA:59,0
DA:66,0
DA:68,0
LF:10
LH:0
BRDA:13,0,0,0
BRF:1
BRH:0
end_of_record
TN:
SF:client/src/components/ui/card.tsx
FN:8,(anonymous_9)
FN:23,(anonymous_10)
FN:35,(anonymous_11)
FN:50,(anonymous_12)
FN:62,(anonymous_13)
FN:70,(anonymous_14)
FNF:6
FNH:0
FNDA:0,(anonymous_9)
FNDA:0,(anonymous_10)
FNDA:0,(anonymous_11)
FNDA:0,(anonymous_12)
FNDA:0,(anonymous_13)
FNDA:0,(anonymous_14)
DA:1,0
DA:3,0
DA:5,0
DA:9,0
DA:18,0
DA:20,0
DA:24,0
DA:30,0
DA:32,0
DA:36,0
DA:45,0
DA:47,0
DA:51,0
DA:57,0
DA:59,0
DA:63,0
DA:65,0
DA:67,0
DA:71,0
DA:77,0
DA:79,0
DA:80,0
DA:81,0
DA:82,0
DA:83,0
DA:84,0
LF:26
LH:0
BRF:0
BRH:0
end_of_record
TN:
SF:client/src/components/ui/carousel.tsx
FN:33,useCarousel
FN:47,(anonymous_11)
FN:69,(anonymous_12)
FN:78,(anonymous_13)
FN:82,(anonymous_14)
FN:87,(anonymous_15)
FN:99,(anonymous_16)
FN:107,(anonymous_17)
FN:116,(anonymous_18)
FN:154,(anonymous_19)
FN:176,(anonymous_20)
FN:198,(anonymous_21)
FN:227,(anonymous_22)
FNF:13
FNH:0
FNDA:0,useCarousel
FNDA:0,(anonymous_11)
FNDA:0,(anonymous_12)
FNDA:0,(anonymous_13)
FNDA:0,(anonymous_14)
FNDA:0,(anonymous_15)
FNDA:0,(anonymous_16)
FNDA:0,(anonymous_17)
FNDA:0,(anonymous_18)
FNDA:0,(anonymous_19)
FNDA:0,(anonymous_20)
FNDA:0,(anonymous_21)
FNDA:0,(anonymous_22)
DA:1,0
DA:2,0
DA:5,0
DA:7,0
DA:8,0
DA:31,0
DA:34,0
DA:36,0
DA:37,0
DA:40,0
DA:43,0
DA:59,0
DA:66,0
DA:67,0
DA:69,0
DA:70,0
DA:71,0
DA:74,0
DA:75,0
DA:78,0
DA:79,0
DA:82,0
DA:83,0
DA:86,0
DA:88,0
DA:89,0
DA:90,0
DA:91,0
DA:92,0
DA:93,0
DA:99,0
DA:100,0
DA:101,0
DA:104,0
DA:107,0
DA:108,0
DA:109,0
DA:112,0
DA:113,0
DA:114,0
DA:116,0
DA:117,0
DA:121,0
DA:149,0
DA:151,0
DA:155,0
DA:157,0
DA:171,0
DA:173,0
DA:177,0
DA:179,0
DA:193,0
DA:195,0
DA:199,0
DA:201,0
DA:222,0
DA:224,0
DA:228,0
DA:230,0
DA:251,0
DA:255,0
DA:256,0
DA:257,0
DA:258,0
DA:259,0
LF:65
LH:0
BRDA:36,0,0,0
BRDA:36,0,1,0
BRDA:49,1,0,0
BRDA:62,2,0,0
BRDA:62,2,1,0
BRDA:70,3,0,0
BRDA:70,3,1,0
BRDA:88,4,0,0
BRDA:88,4,1,0
BRDA:91,5,0,0
BRDA:91,5,1,0
BRDA:100,6,0,0
BRDA:100,6,1,0
BRDA:100,7,0,0
BRDA:100,7,1,0
BRDA:108,8,0,0
BRDA:108,8,1,0
BRDA:128,9,0,0
BRDA:128,9,1,0
BRDA:128,10,0,0
BRDA:128,10,1,0
BRDA:163,11,0,0
BRDA:163,11,1,0
BRDA:186,12,0,0
BRDA:186,12,1,0
BRDA:198,13,0,0
BRDA:198,14,0,0
BRDA:208,15,0,0
BRDA:208,15,1,0
BRDA:227,16,0,0
BRDA:227,17,0,0
BRDA:237,18,0,0
BRDA:237,18,1,0
BRF:33
BRH:0
end_of_record
TN:
SF:client/src/components/ui/chart.tsx
FN:27,useChart
FN:45,(anonymous_10)
FN:70,(anonymous_11)
FN:72,(anonymous_12)
FN:84,(anonymous_13)
FN:87,(anonymous_14)
FN:116,(anonymous_15)
FN:136,(anonymous_16)
FN:188,(anonymous_17)
FN:269,(anonymous_18)
FN:288,(anonymous_19)
FN:320,getPayloadConfigFromPayload
FNF:12
FNH:0
FNDA:0,useChart
FNDA:0,(anonymous_10)
FNDA:0,(anonymous_11)
FNDA:0,(anonymous_12)
FNDA:0,(anonymous_13)
FNDA:0,(anonymous_14)
FNDA:0,(anonymous_15)
FNDA:0,(anonymous_16)
FNDA:0,(anonymous_17)
FNDA:0,(anonymous_18)
FNDA:0,(anonymous_19)
FNDA:0,getPayloadConfigFromPayload
DA:3,0
DA:4,0
DA:6,0
DA:9,0
DA:25,0
DA:28,0
DA:30,0
DA:31,0
DA:34,0
DA:37,0
DA:46,0
DA:47,0
DA:49,0
DA:68,0
DA:70,0
DA:71,0
DA:72,0
DA:75,0
DA:76,0
DA:79,0
DA:84,0
DA:89,0
DA:91,0
DA:103,0
DA:105,0
DA:134,0
DA:136,0
DA:137,0
DA:138,0
DA:141,0
DA:142,0
DA:143,0
DA:145,0
DA:149,0
DA:150,0
DA:157,0
DA:158,0
DA:161,0
DA:172,0
DA:173,0
DA:176,0
DA:178,0
DA:189,0
DA:190,0
DA:191,0
DA:193,0
DA:257,0
DA:259,0
DA:261,0
DA:273,0
DA:275,0
DA:276,0
DA:279,0
DA:289,0
DA:290,0
DA:292,0
DA:317,0
DA:325,0
DA:326,0
DA:330,0
DA:336,0
DA:338,0
DA:342,0
DA:343,0
DA:348,0
DA:353,0
DA:359,0
DA:360,0
DA:361,0
DA:362,0
DA:363,0
DA:364,0
LF:72
LH:0
BRDA:30,0,0,0
BRDA:30,0,1,0
BRDA:47,1,0,0
BRDA:47,1,1,0
BRDA:72,2,0,0
BRDA:72,2,1,0
BRDA:75,3,0,0
BRDA:75,3,1,0
BRDA:89,4,0,0
BRDA:89,4,1,0
BRDA:91,5,0,0
BRDA:91,5,1,0
BRDA:121,6,0,0
BRDA:122,7,0,0
BRDA:123,8,0,0
BRDA:137,9,0,0
BRDA:137,9,1,0
BRDA:137,10,0,0
BRDA:137,10,1,0
BRDA:142,11,0,0
BRDA:142,11,1,0
BRDA:142,11,2,0
BRDA:142,11,3,0
BRDA:145,12,0,0
BRDA:145,12,1,0
BRDA:145,13,0,0
BRDA:145,13,1,0
BRDA:146,14,0,0
BRDA:146,14,1,0
BRDA:149,15,0,0
BRDA:149,15,1,0
BRDA:157,16,0,0
BRDA:157,16,1,0
BRDA:172,17,0,0
BRDA:172,17,1,0
BRDA:172,18,0,0
BRDA:172,18,1,0
BRDA:176,19,0,0
BRDA:176,19,1,0
BRDA:186,20,0,0
BRDA:186,20,1,0
BRDA:189,21,0,0
BRDA:189,21,1,0
BRDA:189,21,2,0
BRDA:189,21,3,0
BRDA:191,22,0,0
BRDA:191,22,1,0
BRDA:191,22,2,0
BRDA:198,23,0,0
BRDA:198,23,1,0
BRDA:201,24,0,0
BRDA:201,24,1,0
BRDA:201,25,0,0
BRDA:201,25,1,0
BRDA:201,25,2,0
BRDA:205,26,0,0
BRDA:205,26,1,0
BRDA:208,27,0,0
BRDA:208,27,1,0
BRDA:217,28,0,0
BRDA:217,28,1,0
BRDA:232,29,0,0
BRDA:232,29,1,0
BRDA:236,30,0,0
BRDA:236,30,1,0
BRDA:238,31,0,0
BRDA:238,31,1,0
BRDA:241,32,0,0
BRDA:241,32,1,0
BRDA:270,33,0,0
BRDA:270,34,0,0
BRDA:275,35,0,0
BRDA:275,35,1,0
BRDA:284,36,0,0
BRDA:284,36,1,0
BRDA:289,37,0,0
BRDA:289,37,1,0
BRDA:289,37,2,0
BRDA:299,38,0,0
BRDA:299,38,1,0
BRDA:299,39,0,0
BRDA:299,39,1,0
BRDA:325,40,0,0
BRDA:325,40,1,0
BRDA:325,41,0,0
BRDA:325,41,1,0
BRDA:330,42,0,0
BRDA:330,42,1,0
BRDA:330,43,0,0
BRDA:330,43,1,0
BRDA:330,43,2,0
BRDA:338,44,0,0
BRDA:338,44,1,0
BRDA:339,45,0,0
BRDA:339,45,1,0
BRDA:343,46,0,0
BRDA:343,46,1,0
BRDA:344,47,0,0
BRDA:344,47,1,0
BRDA:344,47,2,0
BRDA:353,48,0,0
BRDA:353,48,1,0
BRF:102
BRH:0
end_of_record
TN:
SF:client/src/components/ui/checkbox.tsx
FN:10,(anonymous_9)
FNF:1
FNH:0
FNDA:0,(anonymous_9)
DA:1,0
DA:2,0
DA:3,0
DA:5,0
DA:7,0
DA:11,0
DA:26,0
DA:28,0
LF:8
LH:0
BRF:0
BRH:0
end_of_record
TN:
SF:client/src/components/ui/collapsible.tsx
FNF:0
FNH:0
DA:3,0
DA:5,0
DA:7,0
DA:9,0
DA:11,0
LF:5
LH:0
BRF:0
BRH:0
end_of_record
TN:
SF:client/src/components/ui/command.tsx
FN:12,(anonymous_9)
FN:24,(anonymous_10)
FN:39,(anonymous_11)
FN:58,(anonymous_12)
FN:71,(anonymous_13)
FN:84,(anonymous_14)
FN:100,(anonymous_15)
FN:112,(anonymous_16)
FN:125,(anonymous_17)
FNF:9
FNH:0
FNDA:0,(anonymous_9)
FNDA:0,(anonymous_10)
FNDA:0,(anonymous_11)
FNDA:0,(anonymous_12)
FNDA:0,(anonymous_13)
FNDA:0,(anonymous_14)
FNDA:0,(anonymous_15)
FNDA:0,(anonymous_16)
FNDA:0,(anonymous_17)
DA:1,0
DA:3,0
DA:4,0
DA:6,0
DA:7,0
DA:9,0
DA:13,0
DA:22,0
DA:24,0
DA:25,0
DA:36,0
DA:40,0
DA:53,0
DA:55,0
DA:59,0
DA:66,0
DA:68,0
DA:72,0
DA:79,0
DA:81,0
DA:85,0
DA:95,0
DA:97,0
DA:101,0
DA:107,0
DA:109,0
DA:113,0
DA:123,0
DA:125,0
DA:129,0
DA:139,0
DA:142,0
DA:143,0
DA:144,0
DA:145,0
DA:146,0
DA:147,0
DA:148,0
DA:149,0
DA:150,0
LF:40
LH:0
BRF:0
BRH:0
end_of_record
TN:
SF:client/src/components/ui/context-menu.tsx
FN:24,(anonymous_9)
FN:43,(anonymous_10)
FN:58,(anonymous_11)
FN:77,(anonymous_12)
FN:93,(anonymous_13)
FN:117,(anonymous_14)
FN:141,(anonymous_15)
FN:157,(anonymous_16)
FN:166,(anonymous_17)
FNF:9
FNH:0
FNDA:0,(anonymous_9)
FNDA:0,(anonymous_10)
FNDA:0,(anonymous_11)
FNDA:0,(anonymous_12)
FNDA:0,(anonymous_13)
FNDA:0,(anonymous_14)
FNDA:0,(anonymous_15)
FNDA:0,(anonymous_16)
FNDA:0,(anonymous_17)
DA:1,0
DA:2,0
DA:3,0
DA:5,0
DA:7,0
DA:9,0
DA:11,0
DA:13,0
DA:15,0
DA:17,0
DA:19,0
DA:25,0
DA:38,0
DA:40,0
DA:44,0
DA:53,0
DA:55,0
DA:59,0
DA:70,0
DA:72,0
DA:78,0
DA:88,0
DA:90,0
DA:94,0
DA:111,0
DA:114,0
DA:118,0
DA:134,0
DA:136,0
DA:142,0
DA:152,0
DA:154,0
DA:158,0
DA:164,0
DA:166,0
DA:170,0
DA:180,0
DA:183,0
DA:184,0
DA:185,0
DA:186,0
DA:187,0
DA:188,0
DA:189,0
DA:190,0
DA:191,0
DA:192,0
DA:193,0
DA:194,0
DA:195,0
DA:196,0
DA:197,0
LF:52
LH:0
BRDA:29,0,0,0
BRDA:29,0,1,0
BRDA:82,1,0,0
BRDA:82,1,1,0
BRDA:146,2,0,0
BRDA:146,2,1,0
BRF:6
BRH:0
end_of_record
TN:
SF:client/src/components/ui/dialog.tsx
FN:20,(anonymous_9)
FN:35,(anonymous_10)
FN:56,(anonymous_11)
FN:70,(anonymous_12)
FN:87,(anonymous_13)
FN:102,(anonymous_14)
FNF:6
FNH:0
FNDA:0,(anonymous_9)
FNDA:0,(anonymous_10)
FNDA:0,(anonymous_11)
FNDA:0,(anonymous_12)
FNDA:0,(anonymous_13)
FNDA:0,(anonymous_14)
DA:3,0
DA:4,0
DA:5,0
DA:7,0
DA:9,0
DA:11,0
DA:13,0
DA:15,0
DA:17,0
DA:21,0
DA:30,0
DA:32,0
DA:36,0
DA:54,0
DA:56,0
DA:60,0
DA:68,0
DA:70,0
DA:74,0
DA:82,0
DA:84,0
DA:88,0
DA:97,0
DA:99,0
DA:103,0
DA:109,0
DA:112,0
DA:113,0
DA:114,0
DA:115,0
DA:116,0
DA:117,0
DA:118,0
DA:119,0
DA:120,0
DA:121,0
LF:36
LH:0
BRF:0
BRH:0
end_of_record
TN:
SF:client/src/components/ui/drawer.tsx
FN:8,(anonymous_9)
FN:28,(anonymous_10)
FN:40,(anonymous_11)
FN:58,(anonymous_12)
FN:69,(anonymous_13)
FN:83,(anonymous_14)
FN:98,(anonymous_15)
FNF:7
FNH:0
FNDA:0,(anonymous_9)
FNDA:0,(anonymous_10)
FNDA:0,(anonymous_11)
FNDA:0,(anonymous_12)
FNDA:0,(anonymous_13)
FNDA:0,(anonymous_14)
FNDA:0,(anonymous_15)
DA:3,0
DA:4,0
DA:6,0
DA:8,0
DA:12,0
DA:17,0
DA:19,0
DA:21,0
DA:23,0
DA:25,0
DA:29,0
DA:35,0
DA:37,0
DA:41,0
DA:56,0
DA:58,0
DA:62,0
DA:67,0
DA:69,0
DA:73,0
DA:78,0
DA:80,0
DA:84,0
DA:93,0
DA:95,0
DA:99,0
DA:105,0
DA:108,0
DA:109,0
DA:110,0
DA:111,0
DA:112,0
DA:113,0
DA:114,0
DA:115,0
DA:116,0
DA:117,0
LF:37
LH:0
BRDA:9,0,0,0
BRF:1
BRH:0
end_of_record
TN:
SF:client/src/components/ui/dropdown-menu.tsx
FN:24,(anonymous_9)
FN:44,(anonymous_10)
FN:60,(anonymous_11)
FN:80,(anonymous_12)
FN:96,(anonymous_13)
FN:120,(anonymous_14)
FN:144,(anonymous_15)
FN:160,(anonymous_16)
FN:169,(anonymous_17)
FNF:9
FNH:0
FNDA:0,(anonymous_9)
FNDA:0,(anonymous_10)
FNDA:0,(anonymous_11)
FNDA:0,(anonymous_12)
FNDA:0,(anonymous_13)
FNDA:0,(anonymous_14)
FNDA:0,(anonymous_15)
FNDA:0,(anonymous_16)
FNDA:0,(anonymous_17)
DA:1,0
DA:2,0
DA:3,0
DA:5,0
DA:7,0
DA:9,0
DA:11,0
DA:13,0
DA:15,0
DA:17,0
DA:19,0
DA:25,0
DA:38,0
DA:41,0
DA:45,0
DA:54,0
DA:57,0
DA:61,0
DA:73,0
DA:75,0
DA:81,0
DA:91,0
DA:93,0
DA:97,0
DA:114,0
DA:117,0
DA:121,0
DA:137,0
DA:139,0
DA:145,0
DA:155,0
DA:157,0
DA:161,0
DA:167,0
DA:169,0
DA:173,0
DA:180,0
DA:183,0
DA:184,0
DA:185,0
DA:186,0
DA:187,0
DA:188,0
DA:189,0
DA:190,0
DA:191,0
DA:192,0
DA:193,0
DA:194,0
DA:195,0
DA:196,0
DA:197,0
LF:52
LH:0
BRDA:29,0,0,0
BRDA:29,0,1,0
BRDA:60,1,0,0
BRDA:85,2,0,0
BRDA:85,2,1,0
BRDA:149,3,0,0
BRDA:149,3,1,0
BRF:7
BRH:0
end_of_record
TN:
SF:client/src/components/ui/form.tsx
FN:31,(anonymous_9)
FN:44,(anonymous_10)
FN:78,(anonymous_11)
FN:92,(anonymous_12)
FN:109,(anonymous_13)
FN:131,(anonymous_14)
FN:148,(anonymous_15)
FNF:7
FNH:0
FNDA:0,(anonymous_9)
FNDA:0,(anonymous_10)
FNDA:0,(anonymous_11)
FNDA:0,(anonymous_12)
FNDA:0,(anonymous_13)
FNDA:0,(anonymous_14)
FNDA:0,(anonymous_15)
DA:3,0
DA:5,0
DA:6,0
DA:15,0
DA:16,0
DA:18,0
DA:27,0
DA:31,0
DA:37,0
DA:44,0
DA:45,0
DA:46,0
DA:47,0
DA:49,0
DA:51,0
DA:52,0
DA:55,0
DA:57,0
DA:71,0
DA:75,0
DA:79,0
DA:81,0
DA:87,0
DA:89,0
DA:93,0
DA:95,0
DA:104,0
DA:106,0
DA:110,0
DA:112,0
DA:126,0
DA:128,0
DA:132,0
DA:134,0
DA:143,0
DA:145,0
DA:149,0
DA:150,0
DA:152,0
DA:153,0
DA:156,0
DA:167,0
DA:170,0
DA:171,0
DA:172,0
DA:173,0
DA:174,0
DA:175,0
DA:176,0
DA:177,0
LF:50
LH:0
BRDA:51,0,0,0
BRDA:51,0,1,0
BRDA:98,1,0,0
BRDA:98,1,1,0
BRDA:117,2,0,0
BRDA:117,2,1,0
BRDA:150,3,0,0
BRDA:150,3,1,0
BRDA:150,4,0,0
BRDA:150,4,1,0
BRDA:152,5,0,0
BRDA:152,5,1,0
BRF:12
BRH:0
end_of_record
TN:
SF:client/src/components/ui/hover-card.tsx
FN:15,(anonymous_9)
FNF:1
FNH:0
FNDA:0,(anonymous_9)
DA:3,0
DA:4,0
DA:6,0
DA:8,0
DA:10,0
DA:12,0
DA:16,0
DA:27,0
DA:29,0
LF:9
LH:0
BRDA:15,0,0,0
BRDA:15,1,0,0
BRF:2
BRH:0
end_of_record
TN:
SF:client/src/components/ui/input-otp.tsx
FN:10,(anonymous_9)
FN:26,(anonymous_10)
FN:34,(anonymous_11)
FN:62,(anonymous_12)
FNF:4
FNH:0
FNDA:0,(anonymous_9)
FNDA:0,(anonymous_10)
FNDA:0,(anonymous_11)
FNDA:0,(anonymous_12)
DA:1,0
DA:2,0
DA:3,0
DA:5,0
DA:7,0
DA:11,0
DA:21,0
DA:23,0
DA:27,0
DA:29,0
DA:31,0
DA:35,0
DA:36,0
DA:38,0
DA:57,0
DA:59,0
DA:63,0
DA:67,0
DA:69,0
LF:19
LH:0
BRDA:43,0,0,0
BRDA:43,0,1,0
BRDA:49,1,0,0
BRDA:49,1,1,0
BRF:4
BRH:0
end_of_record
TN:
SF:client/src/components/ui/input.tsx
FN:6,(anonymous_9)
FNF:1
FNH:0
FNDA:0,(anonymous_9)
DA:1,0
DA:3,0
DA:5,0
DA:8,0
DA:21,0
DA:23,0
LF:6
LH:0
BRF:0
BRH:0
end_of_record
TN:
SF:client/src/components/ui/label.tsx
FN:15,(anonymous_9)
FNF:1
FNH:0
FNDA:0,(anonymous_9)
DA:1,0
DA:2,0
DA:3,0
DA:5,0
DA:7,0
DA:11,0
DA:16,0
DA:22,0
DA:24,0
LF:9
LH:0
BRF:0
BRH:0
end_of_record
TN:
SF:client/src/components/ui/menubar.tsx
FN:9,MenubarMenu
FN:15,MenubarGroup
FN:21,MenubarPortal
FN:27,MenubarRadioGroup
FN:33,MenubarSub
FN:42,(anonymous_14)
FN:57,(anonymous_15)
FN:74,(anonymous_16)
FN:93,(anonymous_17)
FN:109,(anonymous_18)
FN:135,(anonymous_19)
FN:151,(anonymous_20)
FN:174,(anonymous_21)
FN:198,(anonymous_22)
FN:214,(anonymous_23)
FN:223,(anonymous_24)
FNF:16
FNH:0
FNDA:0,MenubarMenu
FNDA:0,MenubarGroup
FNDA:0,MenubarPortal
FNDA:0,MenubarRadioGroup
FNDA:0,MenubarSub
FNDA:0,(anonymous_14)
FNDA:0,(anonymous_15)
FNDA:0,(anonymous_16)
FNDA:0,(anonymous_17)
FNDA:0,(anonymous_18)
FNDA:0,(anonymous_19)
FNDA:0,(anonymous_20)
FNDA:0,(anonymous_21)
FNDA:0,(anonymous_22)
FNDA:0,(anonymous_23)
FNDA:0,(anonymous_24)
DA:3,0
DA:4,0
DA:5,0
DA:7,0
DA:12,0
DA:18,0
DA:24,0
DA:30,0
DA:36,0
DA:39,0
DA:43,0
DA:52,0
DA:54,0
DA:58,0
DA:67,0
DA:69,0
DA:75,0
DA:88,0
DA:90,0
DA:94,0
DA:103,0
DA:105,0
DA:113,0
DA:128,0
DA:130,0
DA:136,0
DA:146,0
DA:148,0
DA:152,0
DA:169,0
DA:171,0
DA:175,0
DA:191,0
DA:193,0
DA:199,0
DA:209,0
DA:211,0
DA:215,0
DA:221,0
DA:223,0
DA:227,0
DA:237,0
DA:240,0
DA:241,0
DA:242,0
DA:243,0
DA:244,0
DA:245,0
DA:246,0
DA:247,0
DA:248,0
DA:249,0
DA:250,0
DA:251,0
DA:252,0
DA:253,0
DA:254,0
DA:255,0
LF:58
LH:0
BRDA:79,0,0,0
BRDA:79,0,1,0
BRDA:110,1,0,0
BRDA:110,2,0,0
BRDA:110,3,0,0
BRDA:140,4,0,0
BRDA:140,4,1,0
BRDA:203,5,0,0
BRDA:203,5,1,0
BRF:9
BRH:0
end_of_record
TN:
SF:client/src/components/ui/navigation-menu.tsx
FN:11,(anonymous_9)
FN:29,(anonymous_10)
FN:50,(anonymous_11)
FN:68,(anonymous_12)
FN:85,(anonymous_13)
FN:103,(anonymous_14)
FNF:6
FNH:0
FNDA:0,(anonymous_9)
FNDA:0,(anonymous_10)
FNDA:0,(anonymous_11)
FNDA:0,(anonymous_12)
FNDA:0,(anonymous_13)
FNDA:0,(anonymous_14)
DA:1,0
DA:2,0
DA:3,0
DA:4,0
DA:6,0
DA:8,0
DA:12,0
DA:24,0
DA:26,0
DA:30,0
DA:39,0
DA:41,0
DA:43,0
DA:47,0
DA:51,0
DA:63,0
DA:65,0
DA:69,0
DA:78,0
DA:80,0
DA:82,0
DA:86,0
DA:97,0
DA:100,0
DA:104,0
DA:115,0
DA:119,0
DA:120,0
DA:121,0
DA:122,0
DA:123,0
DA:124,0
DA:125,0
DA:126,0
DA:127,0
LF:35
LH:0
BRF:0
BRH:0
end_of_record
TN:
SF:client/src/components/ui/pagination.tsx
FN:7,(anonymous_9)
FN:20,(anonymous_10)
FN:32,(anonymous_11)
FN:42,(anonymous_12)
FN:62,(anonymous_13)
FN:78,(anonymous_14)
FN:94,(anonymous_15)
FNF:7
FNH:0
FNDA:0,(anonymous_9)
FNDA:0,(anonymous_10)
FNDA:0,(anonymous_11)
FNDA:0,(anonymous_12)
FNDA:0,(anonymous_13)
FNDA:0,(anonymous_14)
FNDA:0,(anonymous_15)
DA:1,0
DA:2,0
DA:4,0
DA:5,0
DA:7,0
DA:8,0
DA:15,0
DA:17,0
DA:21,0
DA:27,0
DA:29,0
DA:33,0
DA:35,0
DA:42,0
DA:48,0
DA:60,0
DA:62,0
DA:66,0
DA:76,0
DA:78,0
DA:82,0
DA:92,0
DA:94,0
DA:98,0
DA:107,0
DA:110,0
DA:111,0
DA:112,0
DA:113,0
DA:114,0
DA:115,0
DA:116,0
LF:32
LH:0
BRDA:45,0,0,0
BRDA:49,1,0,0
BRDA:49,1,1,0
BRDA:52,2,0,0
BRDA:52,2,1,0
BRF:5
BRH:0
end_of_record
TN:
SF:client/src/components/ui/popover.tsx
FN:13,(anonymous_9)
FNF:1
FNH:0
FNDA:0,(anonymous_9)
DA:1,0
DA:2,0
DA:4,0
DA:6,0
DA:8,0
DA:10,0
DA:14,0
DA:27,0
DA:29,0
LF:9
LH:0
BRDA:13,0,0,0
BRDA:13,1,0,0
BRF:2
BRH:0
end_of_record
TN:
SF:client/src/components/ui/progress.tsx
FN:11,(anonymous_9)
FNF:1
FNH:0
FNDA:0,(anonymous_9)
DA:3,0
DA:4,0
DA:6,0
DA:8,0
DA:12,0
DA:26,0
DA:28,0
LF:7
LH:0
BRDA:22,0,0,0
BRDA:22,0,1,0
BRF:2
BRH:0
end_of_record
TN:
SF:client/src/components/ui/radio-group.tsx
FN:10,(anonymous_9)
FN:24,(anonymous_10)
FNF:2
FNH:0
FNDA:0,(anonymous_9)
FNDA:0,(anonymous_10)
DA:1,0
DA:2,0
DA:3,0
DA:5,0
DA:7,0
DA:11,0
DA:19,0
DA:21,0
DA:25,0
DA:40,0
DA:42,0
LF:11
LH:0
BRF:0
BRH:0
end_of_record
TN:
SF:client/src/components/ui/resizable.tsx
FN:8,(anonymous_9)
FN:23,(anonymous_10)
FNF:2
FNH:0
FNDA:0,(anonymous_9)
FNDA:0,(anonymous_10)
DA:3,0
DA:4,0
DA:6,0
DA:8,0
DA:12,0
DA:21,0
DA:23,0
DA:30,0
DA:45,0
LF:9
LH:0
BRDA:37,0,0,0
BRDA:37,0,1,0
BRF:2
BRH:0
end_of_record
TN:
SF:client/src/components/ui/scroll-area.tsx
FN:9,(anonymous_9)
FN:27,(anonymous_10)
FNF:2
FNH:0
FNDA:0,(anonymous_9)
FNDA:0,(anonymous_10)
DA:1,0
DA:2,0
DA:4,0
DA:6,0
DA:10,0
DA:22,0
DA:24,0
DA:28,0
DA:44,0
DA:46,0
LF:10
LH:0
BRDA:27,0,0,0
BRDA:33,1,0,0
BRDA:33,1,1,0
BRDA:35,2,0,0
BRDA:35,2,1,0
BRF:5
BRH:0
end_of_record
TN:
SF:client/src/components/ui/select.tsx
FN:18,(anonymous_9)
FN:38,(anonymous_10)
FN:55,(anonymous_11)
FN:73,(anonymous_12)
FN:105,(anonymous_13)
FN:117,(anonymous_14)
FN:140,(anonymous_15)
FNF:7
FNH:0
FNDA:0,(anonymous_9)
FNDA:0,(anonymous_10)
FNDA:0,(anonymous_11)
FNDA:0,(anonymous_12)
FNDA:0,(anonymous_13)
FNDA:0,(anonymous_14)
FNDA:0,(anonymous_15)
DA:3,0
DA:4,0
DA:5,0
DA:7,0
DA:9,0
DA:11,0
DA:13,0
DA:15,0
DA:19,0
DA:33,0
DA:35,0
DA:39,0
DA:50,0
DA:52,0
DA:56,0
DA:67,0
DA:70,0
DA:74,0
DA:100,0
DA:102,0
DA:106,0
DA:112,0
DA:114,0
DA:118,0
DA:135,0
DA:137,0
DA:141,0
DA:147,0
DA:150,0
DA:151,0
DA:152,0
DA:153,0
DA:154,0
DA:155,0
DA:156,0
DA:157,0
DA:158,0
DA:159,0
LF:38
LH:0
BRDA:73,0,0,0
BRDA:79,1,0,0
BRDA:79,1,1,0
BRDA:90,2,0,0
BRDA:90,2,1,0
BRF:5
BRH:0
end_of_record
TN:
SF:client/src/components/ui/separator.tsx
FN:10,(anonymous_9)
FNF:1
FNH:0
FNDA:0,(anonymous_9)
DA:1,0
DA:2,0
DA:4,0
DA:6,0
DA:14,0
DA:27,0
DA:29,0
LF:7
LH:0
BRDA:11,0,0,0
BRDA:11,1,0,0
BRDA:20,2,0,0
BRDA:20,2,1,0
BRF:4
BRH:0
end_of_record
TN:
SF:client/src/components/ui/sheet.tsx
FN:21,(anonymous_9)
FN:59,(anonymous_10)
FN:77,(anonymous_11)
FN:91,(anonymous_12)
FN:108,(anonymous_13)
FN:120,(anonymous_14)
FNF:6
FNH:0
FNDA:0,(anonymous_9)
FNDA:0,(anonymous_10)
FNDA:0,(anonymous_11)
FNDA:0,(anonymous_12)
FNDA:0,(anonymous_13)
FNDA:0,(anonymous_14)
DA:3,0
DA:4,0
DA:5,0
DA:6,0
DA:8,0
DA:10,0
DA:12,0
DA:14,0
DA:16,0
DA:18,0
DA:22,0
DA:31,0
DA:33,0
DA:56,0
DA:60,0
DA:75,0
DA:77,0
DA:81,0
DA:89,0
DA:91,0
DA:95,0
DA:103,0
DA:105,0
DA:109,0
DA:115,0
DA:117,0
DA:121,0
DA:127,0
DA:130,0
DA:131,0
DA:132,0
DA:133,0
DA:134,0
DA:135,0
DA:136,0
DA:137,0
DA:138,0
DA:139,0
LF:38
LH:0
BRDA:59,0,0,0
BRF:1
BRH:0
end_of_record
TN:
SF:client/src/components/ui/sidebar.tsx
FN:47,useSidebar
FN:56,SidebarProvider
FN:77,(anonymous_11)
FN:92,(anonymous_12)
FN:93,(anonymous_13)
FN:93,(anonymous_14)
FN:97,(anonymous_15)
FN:98,(anonymous_16)
FN:109,(anonymous_17)
FN:117,(anonymous_18)
FN:154,Sidebar
FN:256,SidebarTrigger
FN:270,(anonymous_21)
FN:282,SidebarRail
FN:308,SidebarInset
FN:322,SidebarInput
FN:336,SidebarHeader
FN:347,SidebarFooter
FN:358,SidebarSeparator
FN:372,SidebarContent
FN:386,SidebarGroup
FN:397,SidebarGroupLabel
FN:418,SidebarGroupAction
FN:441,SidebarGroupContent
FN:455,SidebarMenu
FN:466,SidebarMenuItem
FN:499,SidebarMenuButton
FN:549,SidebarMenuAction
FN:581,SidebarMenuBadge
FN:603,SidebarMenuSkeleton
FN:611,(anonymous_39)
FN:641,SidebarMenuSub
FN:656,SidebarMenuSubItem
FN:670,SidebarMenuSubButton
FNF:34
FNH:0
FNDA:0,useSidebar
FNDA:0,SidebarProvider
FNDA:0,(anonymous_11)
FNDA:0,(anonymous_12)
FNDA:0,(anonymous_13)
FNDA:0,(anonymous_14)
FNDA:0,(anonymous_15)
FNDA:0,(anonymous_16)
FNDA:0,(anonymous_17)
FNDA:0,(anonymous_18)
FNDA:0,Sidebar
FNDA:0,SidebarTrigger
FNDA:0,(anonymous_21)
FNDA:0,SidebarRail
FNDA:0,SidebarInset
FNDA:0,SidebarInput
FNDA:0,SidebarHeader
FNDA:0,SidebarFooter
FNDA:0,SidebarSeparator
FNDA:0,SidebarContent
FNDA:0,SidebarGroup
FNDA:0,SidebarGroupLabel
FNDA:0,SidebarGroupAction
FNDA:0,SidebarGroupContent
FNDA:0,SidebarMenu
FNDA:0,SidebarMenuItem
FNDA:0,SidebarMenuButton
FNDA:0,SidebarMenuAction
FNDA:0,SidebarMenuBadge
FNDA:0,SidebarMenuSkeleton
FNDA:0,(anonymous_39)
FNDA:0,SidebarMenuSub
FNDA:0,SidebarMenuSubItem
FNDA:0,SidebarMenuSubButton
DA:3,0
DA:4,0
DA:5,0
DA:6,0
DA:8,0
DA:9,0
DA:10,0
DA:11,0
DA:12,0
DA:13,0
DA:20,0
DA:21,0
DA:28,0
DA:29,0
DA:30,0
DA:31,0
DA:32,0
DA:33,0
DA:45,0
DA:48,0
DA:49,0
DA:50,0
DA:53,0
DA:69,0
DA:70,0
DA:74,0
DA:75,0
DA:76,0
DA:78,0
DA:79,0
DA:80,0
DA:82,0
DA:86,0
DA:92,0
DA:93,0
DA:97,0
DA:98,0
DA:99,0
DA:103,0
DA:104,0
DA:108,0
DA:109,0
DA:114,0
DA:116,0
DA:117,0
DA:129,0
DA:166,0
DA:168,0
DA:169,0
DA:183,0
DA:184,0
DA:208,0
DA:261,0
DA:263,0
DA:271,0
DA:272,0
DA:283,0
DA:286,0
DA:309,0
DA:326,0
DA:337,0
DA:348,0
DA:362,0
DA:373,0
DA:387,0
DA:402,0
DA:404,0
DA:423,0
DA:425,0
DA:445,0
DA:456,0
DA:467,0
DA:477,0
DA:512,0
DA:513,0
DA:516,0
DA:526,0
DA:527,0
DA:530,0
DA:531,0
DA:536,0
DA:558,0
DA:560,0
DA:585,0
DA:611,0
DA:612,0
DA:615,0
DA:642,0
DA:660,0
DA:681,0
DA:683,0
DA:703,0
DA:704,0
DA:705,0
DA:706,0
DA:707,0
DA:708,0
DA:709,0
DA:710,0
DA:711,0
DA:712,0
DA:713,0
DA:714,0
DA:715,0
DA:716,0
DA:717,0
DA:718,0
DA:719,0
DA:720,0
DA:721,0
DA:722,0
DA:723,0
DA:724,0
DA:725,0
DA:726,0
LF:115
LH:0
BRDA:49,0,0,0
BRDA:49,0,1,0
BRDA:57,1,0,0
BRDA:75,2,0,0
BRDA:75,2,1,0
BRDA:78,3,0,0
BRDA:78,3,1,0
BRDA:79,4,0,0
BRDA:79,4,1,0
BRDA:93,5,0,0
BRDA:93,5,1,0
BRDA:99,6,0,0
BRDA:99,6,1,0
BRDA:100,7,0,0
BRDA:100,7,1,0
BRDA:100,7,2,0
BRDA:114,8,0,0
BRDA:114,8,1,0
BRDA:155,9,0,0
BRDA:156,10,0,0
BRDA:157,11,0,0
BRDA:168,12,0,0
BRDA:168,12,1,0
BRDA:183,13,0,0
BRDA:183,13,1,0
BRDA:212,14,0,0
BRDA:212,14,1,0
BRDA:224,15,0,0
BRDA:224,15,1,0
BRDA:224,16,0,0
BRDA:224,16,1,0
BRDA:233,17,0,0
BRDA:233,17,1,0
BRDA:237,18,0,0
BRDA:237,18,1,0
BRDA:237,19,0,0
BRDA:237,19,1,0
BRDA:399,20,0,0
BRDA:402,21,0,0
BRDA:402,21,1,0
BRDA:420,22,0,0
BRDA:423,23,0,0
BRDA:423,23,1,0
BRDA:500,24,0,0
BRDA:501,25,0,0
BRDA:502,26,0,0
BRDA:503,27,0,0
BRDA:512,28,0,0
BRDA:512,28,1,0
BRDA:526,29,0,0
BRDA:526,29,1,0
BRDA:530,30,0,0
BRDA:530,30,1,0
BRDA:542,31,0,0
BRDA:542,31,1,0
BRDA:551,32,0,0
BRDA:552,33,0,0
BRDA:558,34,0,0
BRDA:558,34,1,0
BRDA:572,35,0,0
BRDA:572,35,1,0
BRDA:605,36,0,0
BRDA:622,37,0,0
BRDA:622,37,1,0
BRDA:671,38,0,0
BRDA:672,39,0,0
BRDA:673,40,0,0
BRDA:681,41,0,0
BRDA:681,41,1,0
BRDA:692,42,0,0
BRDA:692,42,1,0
BRDA:693,43,0,0
BRDA:693,43,1,0
BRF:73
BRH:0
end_of_record
TN:
SF:client/src/components/ui/skeleton.tsx
FN:3,Skeleton
FNF:1
FNH:0
FNDA:0,Skeleton
DA:1,0
DA:7,0
DA:15,0
LF:3
LH:0
BRF:0
BRH:0
end_of_record
TN:
SF:client/src/components/ui/slider.tsx
FN:9,(anonymous_9)
FNF:1
FNH:0
FNDA:0,(anonymous_9)
DA:1,0
DA:2,0
DA:4,0
DA:6,0
DA:10,0
DA:24,0
DA:26,0
LF:7
LH:0
BRF:0
BRH:0
end_of_record
TN:
SF:client/src/components/ui/switch.tsx
FN:9,(anonymous_9)
FNF:1
FNH:0
FNDA:0,(anonymous_9)
DA:1,0
DA:2,0
DA:4,0
DA:6,0
DA:10,0
DA:25,0
DA:27,0
LF:7
LH:0
BRF:0
BRH:0
end_of_record
TN:
SF:client/src/components/ui/table.tsx
FN:8,(anonymous_9)
FN:22,(anonymous_10)
FN:30,(anonymous_11)
FN:42,(anonymous_12)
FN:57,(anonymous_13)
FN:72,(anonymous_14)
FN:87,(anonymous_15)
FN:99,(anonymous_16)
FNF:8
FNH:0
FNDA:0,(anonymous_9)
FNDA:0,(anonymous_10)
FNDA:0,(anonymous_11)
FNDA:0,(anonymous_12)
FNDA:0,(anonymous_13)
FNDA:0,(anonymous_14)
FNDA:0,(anonymous_15)
FNDA:0,(anonymous_16)
DA:1,0
DA:3,0
DA:5,0
DA:9,0
DA:17,0
DA:19,0
DA:23,0
DA:25,0
DA:27,0
DA:31,0
DA:37,0
DA:39,0
DA:43,0
DA:52,0
DA:54,0
DA:58,0
DA:67,0
DA:69,0
DA:73,0
DA:82,0
DA:84,0
DA:88,0
DA:94,0
DA:96,0
DA:100,0
DA:106,0
DA:109,0
DA:110,0
DA:111,0
DA:112,0
DA:113,0
DA:114,0
DA:115,0
DA:116,0
LF:34
LH:0
BRF:0
BRH:0
end_of_record
TN:
SF:client/src/components/ui/tabs.tsx
FN:11,(anonymous_9)
FN:26,(anonymous_10)
FN:41,(anonymous_11)
FNF:3
FNH:0
FNDA:0,(anonymous_9)
FNDA:0,(anonymous_10)
FNDA:0,(anonymous_11)
DA:1,0
DA:2,0
DA:4,0
DA:6,0
DA:8,0
DA:12,0
DA:21,0
DA:23,0
DA:27,0
DA:36,0
DA:38,0
DA:42,0
DA:51,0
DA:53,0
LF:14
LH:0
BRF:0
BRH:0
end_of_record
TN:
SF:client/src/components/ui/textarea.tsx
FN:8,(anonymous_9)
FNF:1
FNH:0
FNDA:0,(anonymous_9)
DA:1,0
DA:3,0
DA:5,0
DA:9,0
DA:20,0
DA:22,0
LF:6
LH:0
BRF:0
BRH:0
end_of_record
TN:
SF:client/src/components/ui/toast.tsx
FN:13,(anonymous_9)
FN:45,(anonymous_10)
FN:59,(anonymous_11)
FN:74,(anonymous_12)
FN:92,(anonymous_13)
FN:104,(anonymous_14)
FNF:6
FNH:0
FNDA:0,(anonymous_9)
FNDA:0,(anonymous_10)
FNDA:0,(anonymous_11)
FNDA:0,(anonymous_12)
FNDA:0,(anonymous_13)
FNDA:0,(anonymous_14)
DA:1,0
DA:2,0
DA:3,0
DA:4,0
DA:6,0
DA:8,0
DA:10,0
DA:14,0
DA:23,0
DA:25,0
DA:41,0
DA:46,0
DA:54,0
DA:56,0
DA:60,0
DA:69,0
DA:71,0
DA:75,0
DA:87,0
DA:89,0
DA:93,0
DA:99,0
DA:101,0
DA:105,0
DA:111,0
DA:120,0
DA:121,0
DA:122,0
DA:123,0
DA:124,0
DA:125,0
DA:126,0
LF:32
LH:0
BRF:0
BRH:0
end_of_record
TN:
SF:client/src/components/ui/toaster.tsx
FN:11,Toaster
FN:16,(anonymous_1)
FNF:2
FNH:0
FNDA:0,Toaster
FNDA:0,(anonymous_1)
DA:1,0
DA:2,0
DA:11,0
DA:12,0
DA:14,0
DA:17,0
LF:6
LH:0
BRDA:20,0,0,0
BRDA:20,0,1,0
BRDA:21,1,0,0
BRDA:21,1,1,0
BRF:4
BRH:0
end_of_record
TN:
SF:client/src/components/ui/toggle-group.tsx
FN:21,(anonymous_9)
FN:39,(anonymous_10)
FNF:2
FNH:0
FNDA:0,(anonymous_9)
FNDA:0,(anonymous_10)
DA:3,0
DA:4,0
DA:7,0
DA:8,0
DA:10,0
DA:17,0
DA:22,0
DA:33,0
DA:35,0
DA:40,0
DA:42,0
DA:59,0
DA:61,0
LF:13
LH:0
BRDA:47,0,0,0
BRDA:47,0,1,0
BRDA:48,1,0,0
BRDA:48,1,1,0
BRF:4
BRH:0
end_of_record
TN:
SF:client/src/components/ui/toggle.tsx
FN:33,(anonymous_9)
FNF:1
FNH:0
FNDA:0,(anonymous_9)
DA:1,0
DA:2,0
DA:3,0
DA:5,0
DA:7,0
DA:29,0
DA:34,0
DA:41,0
DA:43,0
LF:9
LH:0
BRF:0
BRH:0
end_of_record
TN:
SF:client/src/components/ui/tooltip.tsx
FN:17,(anonymous_9)
FNF:1
FNH:0
FNDA:0,(anonymous_9)
DA:3,0
DA:4,0
DA:6,0
DA:8,0
DA:10,0
DA:12,0
DA:14,0
DA:18,0
DA:28,0
DA:30,0
LF:10
LH:0
BRDA:17,0,0,0
BRF:1
BRH:0
end_of_record
TN:
SF:client/src/hooks/use-mobile.tsx
FN:5,useIsMobile
FN:8,(anonymous_10)
FN:10,(anonymous_11)
FN:15,(anonymous_12)
FNF:4
FNH:0
FNDA:0,useIsMobile
FNDA:0,(anonymous_10)
FNDA:0,(anonymous_11)
FNDA:0,(anonymous_12)
DA:1,0
DA:3,0
DA:5,0
DA:6,0
DA:8,0
DA:9,0
DA:10,0
DA:11,0
DA:13,0
DA:14,0
DA:15,0
DA:18,0
LF:12
LH:0
BRF:0
BRH:0
end_of_record
TN:
SF:client/src/hooks/use-toast.ts
FN:27,genId
FN:58,(anonymous_10)
FN:63,(anonymous_11)
FN:74,(anonymous_12)
FN:85,(anonymous_13)
FN:98,(anonymous_14)
FN:105,(anonymous_15)
FN:124,(anonymous_16)
FN:133,dispatch
FN:135,(anonymous_18)
FN:142,toast
FN:145,(anonymous_20)
FN:150,(anonymous_21)
FN:158,(anonymous_22)
FN:171,useToast
FN:174,(anonymous_24)
FN:176,(anonymous_25)
FN:187,(anonymous_26)
FNF:18
FNH:0
FNDA:0,genId
FNDA:0,(anonymous_10)
FNDA:0,(anonymous_11)
FNDA:0,(anonymous_12)
FNDA:0,(anonymous_13)
FNDA:0,(anonymous_14)
FNDA:0,(anonymous_15)
FNDA:0,(anonymous_16)
FNDA:0,dispatch
FNDA:0,(anonymous_18)
FNDA:0,toast
FNDA:0,(anonymous_20)
FNDA:0,(anonymous_21)
FNDA:0,(anonymous_22)
FNDA:0,useToast
FNDA:0,(anonymous_24)
FNDA:0,(anonymous_25)
FNDA:0,(anonymous_26)
DA:1,0
DA:8,0
DA:9,0
DA:18,0
DA:25,0
DA:28,0
DA:29,0
DA:56,0
DA:58,0
DA:59,0
DA:60,0
DA:63,0
DA:64,0
DA:65,0
DA:71,0
DA:74,0
DA:75,0
DA:77,0
DA:83,0
DA:86,0
DA:91,0
DA:95,0
DA:96,0
DA:98,0
DA:99,0
DA:103,0
DA:106,0
DA:116,0
DA:117,0
DA:122,0
DA:124,0
DA:129,0
DA:131,0
DA:134,0
DA:135,0
DA:136,0
DA:143,0
DA:145,0
DA:146,0
DA:150,0
DA:152,0
DA:159,0
DA:164,0
DA:172,0
DA:174,0
DA:175,0
DA:176,0
DA:177,0
DA:178,0
DA:179,0
DA:184,0
DA:187,0
DA:191,0
LF:53
LH:0
BRDA:59,0,0,0
BRDA:59,0,1,0
BRDA:75,1,0,0
BRDA:75,1,1,0
BRDA:75,1,2,0
BRDA:75,1,3,0
BRDA:86,2,0,0
BRDA:86,2,1,0
BRDA:95,3,0,0
BRDA:95,3,1,0
BRDA:106,4,0,0
BRDA:106,4,1,0
BRDA:106,5,0,0
BRDA:106,5,1,0
BRDA:116,6,0,0
BRDA:116,6,1,0
BRDA:159,7,0,0
BRDA:159,7,1,0
BRDA:178,8,0,0
BRDA:178,8,1,0
BRF:20
BRH:0
end_of_record
TN:
SF:client/src/layouts/DashboardLayout.tsx
FN:49,NavSection
FN:60,(anonymous_1)
FN:68,(anonymous_2)
FN:90,DashboardLayout
FN:104,(anonymous_4)
FN:129,(anonymous_5)
FN:138,(anonymous_6)
FN:161,(anonymous_7)
FNF:8
FNH:0
FNDA:0,NavSection
FNDA:0,(anonymous_1)
FNDA:0,(anonymous_2)
FNDA:0,DashboardLayout
FNDA:0,(anonymous_4)
FNDA:0,(anonymous_5)
FNDA:0,(anonymous_6)
FNDA:0,(anonymous_7)
DA:1,0
DA:2,0
DA:3,0
DA:9,0
DA:10,0
DA:12,0
DA:21,0
DA:28,0
DA:37,0
DA:55,0
DA:57,0
DA:60,0
DA:69,0
DA:90,0
DA:91,0
DA:92,0
DA:93,0
DA:95,0
DA:104,0
DA:129,0
DA:138,0
DA:161,0
LF:22
LH:0
BRDA:63,0,0,0
BRDA:63,0,1,0
BRDA:64,1,0,0
BRDA:64,1,1,0
BRDA:64,2,0,0
BRDA:64,2,1,0
BRDA:66,3,0,0
BRDA:66,3,1,0
BRDA:73,4,0,0
BRDA:73,4,1,0
BRDA:80,5,0,0
BRDA:80,5,1,0
BRDA:101,6,0,0
BRDA:101,6,1,0
BRDA:112,7,0,0
BRDA:112,7,1,0
BRDA:113,8,0,0
BRDA:113,8,1,0
BRDA:122,9,0,0
BRDA:122,9,1,0
BRDA:156,10,0,0
BRDA:156,10,1,0
BRDA:156,11,0,0
BRDA:156,11,1,0
BRDA:184,12,0,0
BRDA:184,12,1,0
BRF:26
BRH:0
end_of_record
TN:
SF:client/src/lib/queryClient.ts
FN:3,throwIfResNotOk
FN:10,apiRequest
FN:30,(anonymous_2)
FN:31,(anonymous_3)
FNF:4
FNH:0
FNDA:0,throwIfResNotOk
FNDA:0,apiRequest
FNDA:0,(anonymous_2)
FNDA:0,(anonymous_3)
DA:1,0
DA:4,0
DA:5,0
DA:6,0
DA:10,0
DA:15,0
DA:22,0
DA:23,0
DA:27,0
DA:30,0
DA:31,0
DA:32,0
DA:36,0
DA:37,0
DA:40,0
DA:41,0
DA:44,0
LF:17
LH:0
BRDA:4,0,0,0
BRDA:4,0,1,0
BRDA:5,1,0,0
BRDA:5,1,1,0
BRDA:17,2,0,0
BRDA:17,2,1,0
BRDA:18,3,0,0
BRDA:18,3,1,0
BRDA:36,4,0,0
BRDA:36,4,1,0
BRDA:36,5,0,0
BRDA:36,5,1,0
BRF:12
BRH:0
end_of_record
TN:
SF:client/src/lib/utils.ts
FN:4,cn
FNF:1
FNH:0
FNDA:0,cn
DA:1,0
DA:2,0
DA:4,0
DA:5,0
LF:4
LH:0
BRF:0
BRH:0
end_of_record
TN:
SF:client/src/pages/home.tsx
FN:12,Home
FNF:1
FNH:0
FNDA:0,Home
DA:1,0
DA:2,0
DA:3,0
DA:4,0
DA:5,0
DA:6,0
DA:7,0
DA:8,0
DA:9,0
DA:10,0
DA:12,0
DA:13,0
LF:12
LH:0
BRF:0
BRH:0
end_of_record
TN:
SF:client/src/pages/not-found.tsx
FN:4,NotFound
FNF:1
FNH:0
FNDA:0,NotFound
DA:1,0
DA:2,0
DA:4,0
DA:5,0
LF:4
LH:0
BRF:0
BRH:0
end_of_record
TN:
SF:client/src/pages/accounts/index.tsx
FN:76,SocialAccounts
FN:99,(anonymous_2)
FN:101,(anonymous_3)
FN:104,(anonymous_4)
FN:114,(anonymous_5)
FN:115,(anonymous_6)
FN:122,(anonymous_7)
FN:150,(anonymous_8)
FN:192,(anonymous_9)
FN:199,(anonymous_10)
FN:217,(anonymous_11)
FN:228,(anonymous_12)
FNF:12
FNH:0
FNDA:0,SocialAccounts
FNDA:0,(anonymous_2)
FNDA:0,(anonymous_3)
FNDA:0,(anonymous_4)
FNDA:0,(anonymous_5)
FNDA:0,(anonymous_6)
FNDA:0,(anonymous_7)
FNDA:0,(anonymous_8)
FNDA:0,(anonymous_9)
FNDA:0,(anonymous_10)
FNDA:0,(anonymous_11)
FNDA:0,(anonymous_12)
DA:1,0
DA:2,0
DA:3,0
DA:4,0
DA:5,0
DA:6,0
DA:15,0
DA:31,0
DA:76,0
DA:77,0
DA:80,0
DA:99,0
DA:100,0
DA:101,0
DA:104,0
DA:105,0
DA:114,0
DA:115,0
DA:116,0
DA:122,0
DA:123,0
DA:131,0
DA:151,0
DA:152,0
DA:192,0
DA:199,0
DA:218,0
DA:219,0
DA:228,0
LF:29
LH:0
BRDA:146,0,0,0
BRDA:146,0,1,0
BRDA:162,1,0,0
BRDA:162,1,1,0
BRDA:175,2,0,0
BRDA:175,2,1,0
BRDA:180,3,0,0
BRDA:180,3,1,0
BRDA:213,4,0,0
BRDA:213,4,1,0
BRF:10
BRH:0
end_of_record
TN:
SF:client/src/pages/ai/studio.tsx
FN:48,AIStudio
FN:74,(anonymous_2)
FN:78,(anonymous_3)
FN:98,(anonymous_4)
FN:133,(anonymous_5)
FN:134,(anonymous_6)
FN:136,(anonymous_7)
FN:141,(anonymous_8)
FN:219,(anonymous_9)
FN:227,(anonymous_10)
FN:291,(anonymous_11)
FN:354,(anonymous_12)
FN:355,(anonymous_13)
FN:381,(anonymous_14)
FN:433,(anonymous_15)
FN:452,(anonymous_16)
FN:477,(anonymous_17)
FN:541,(anonymous_18)
FN:547,(anonymous_19)
FN:564,(anonymous_20)
FN:588,(anonymous_21)
FN:662,(anonymous_22)
FN:691,(anonymous_23)
FN:762,(anonymous_24)
FN:773,(anonymous_25)
FN:783,(anonymous_26)
FN:814,(anonymous_27)
FN:842,(anonymous_28)
FN:855,(anonymous_29)
FN:890,(anonymous_30)
FNF:30
FNH:0
FNDA:0,AIStudio
FNDA:0,(anonymous_2)
FNDA:0,(anonymous_3)
FNDA:0,(anonymous_4)
FNDA:0,(anonymous_5)
FNDA:0,(anonymous_6)
FNDA:0,(anonymous_7)
FNDA:0,(anonymous_8)
FNDA:0,(anonymous_9)
FNDA:0,(anonymous_10)
FNDA:0,(anonymous_11)
FNDA:0,(anonymous_12)
FNDA:0,(anonymous_13)
FNDA:0,(anonymous_14)
FNDA:0,(anonymous_15)
FNDA:0,(anonymous_16)
FNDA:0,(anonymous_17)
FNDA:0,(anonymous_18)
FNDA:0,(anonymous_19)
FNDA:0,(anonymous_20)
FNDA:0,(anonymous_21)
FNDA:0,(anonymous_22)
FNDA:0,(anonymous_23)
FNDA:0,(anonymous_24)
FNDA:0,(anonymous_25)
FNDA:0,(anonymous_26)
FNDA:0,(anonymous_27)
FNDA:0,(anonymous_28)
FNDA:0,(anonymous_29)
FNDA:0,(anonymous_30)
DA:1,0
DA:2,0
DA:3,0
DA:4,0
DA:5,0
DA:6,0
DA:7,0
DA:8,0
DA:9,0
DA:10,0
DA:11,0
DA:12,0
DA:13,0
DA:20,0
DA:21,0
DA:28,0
DA:48,0
DA:49,0
DA:50,0
DA:51,0
DA:52,0
DA:53,0
DA:54,0
DA:55,0
DA:56,0
DA:57,0
DA:60,0
DA:61,0
DA:62,0
DA:63,0
DA:64,0
DA:65,0
DA:68,0
DA:69,0
DA:71,0
DA:74,0
DA:75,0
DA:78,0
DA:79,0
DA:80,0
DA:81,0
DA:85,0
DA:86,0
DA:89,0
DA:90,0
DA:92,0
DA:94,0
DA:98,0
DA:99,0
DA:100,0
DA:101,0
DA:104,0
DA:105,0
DA:106,0
DA:120,0
DA:121,0
DA:124,0
DA:125,0
DA:127,0
DA:129,0
DA:133,0
DA:134,0
DA:135,0
DA:136,0
DA:141,0
DA:142,0
DA:143,0
DA:148,0
DA:151,0
DA:152,0
DA:157,0
DA:160,0
DA:162,0
DA:163,0
DA:176,0
DA:178,0
DA:180,0
DA:181,0
DA:188,0
DA:189,0
DA:192,0
DA:195,0
DA:196,0
DA:199,0
DA:200,0
DA:203,0
DA:208,0
DA:209,0
DA:215,0
DA:219,0
DA:220,0
DA:221,0
DA:227,0
DA:228,0
DA:229,0
DA:234,0
DA:237,0
DA:238,0
DA:243,0
DA:246,0
DA:247,0
DA:249,0
DA:251,0
DA:267,0
DA:268,0
DA:269,0
DA:272,0
DA:277,0
DA:278,0
DA:279,0
DA:281,0
DA:287,0
DA:291,0
DA:292,0
DA:293,0
DA:298,0
DA:301,0
DA:302,0
DA:307,0
DA:310,0
DA:311,0
DA:313,0
DA:327,0
DA:328,0
DA:329,0
DA:332,0
DA:337,0
DA:338,0
DA:339,0
DA:342,0
DA:344,0
DA:350,0
DA:354,0
DA:355,0
DA:356,0
DA:359,0
DA:360,0
DA:363,0
DA:364,0
DA:370,0
DA:372,0
DA:375,0
DA:381,0
DA:382,0
DA:383,0
DA:388,0
DA:389,0
DA:390,0
DA:393,0
DA:399,0
DA:401,0
DA:409,0
DA:433,0
DA:453,0
DA:477,0
DA:542,0
DA:547,0
DA:565,0
DA:566,0
DA:588,0
DA:663,0
DA:692,0
DA:762,0
DA:773,0
DA:784,0
DA:814,0
DA:842,0
DA:855,0
DA:890,0
LF:169
LH:0
BRDA:85,0,0,0
BRDA:85,0,1,0
BRDA:99,1,0,0
BRDA:99,1,1,0
BRDA:99,2,0,0
BRDA:99,2,1,0
BRDA:115,3,0,0
BRDA:115,3,1,0
BRDA:115,4,0,0
BRDA:115,4,1,0
BRDA:120,5,0,0
BRDA:120,5,1,0
BRDA:125,6,0,0
BRDA:125,6,1,0
BRDA:135,7,0,0
BRDA:135,7,1,0
BRDA:142,8,0,0
BRDA:142,8,1,0
BRDA:151,9,0,0
BRDA:151,9,1,0
BRDA:178,10,0,0
BRDA:178,10,1,0
BRDA:180,11,0,0
BRDA:180,11,1,0
BRDA:183,12,0,0
BRDA:183,12,1,0
BRDA:192,13,0,0
BRDA:192,13,1,0
BRDA:195,14,0,0
BRDA:195,14,1,0
BRDA:199,15,0,0
BRDA:199,15,1,0
BRDA:211,16,0,0
BRDA:211,16,1,0
BRDA:228,17,0,0
BRDA:228,17,1,0
BRDA:228,18,0,0
BRDA:228,18,1,0
BRDA:237,19,0,0
BRDA:237,19,1,0
BRDA:267,20,0,0
BRDA:267,20,1,0
BRDA:269,21,0,0
BRDA:269,21,1,0
BRDA:283,22,0,0
BRDA:283,22,1,0
BRDA:292,23,0,0
BRDA:292,23,1,0
BRDA:301,24,0,0
BRDA:301,24,1,0
BRDA:323,25,0,0
BRDA:323,25,1,0
BRDA:327,26,0,0
BRDA:327,26,1,0
BRDA:329,27,0,0
BRDA:329,27,1,0
BRDA:346,28,0,0
BRDA:346,28,1,0
BRDA:356,29,0,0
BRDA:356,29,1,0
BRDA:388,30,0,0
BRDA:388,30,1,0
BRDA:390,31,0,0
BRDA:390,31,1,0
BRDA:403,32,0,0
BRDA:403,32,1,0
BRDA:444,33,0,0
BRDA:444,33,1,0
BRDA:456,34,0,0
BRDA:456,34,1,0
BRDA:456,34,2,0
BRDA:502,35,0,0
BRDA:502,35,1,0
BRDA:537,36,0,0
BRDA:537,36,1,0
BRDA:554,37,0,0
BRDA:554,37,1,0
BRDA:554,37,2,0
BRDA:585,38,0,0
BRDA:585,38,1,0
BRDA:629,39,0,0
BRDA:629,39,1,0
BRDA:643,40,0,0
BRDA:643,40,1,0
BRDA:658,41,0,0
BRDA:658,41,1,0
BRDA:677,42,0,0
BRDA:677,42,1,0
BRDA:684,43,0,0
BRDA:684,43,1,0
BRDA:689,44,0,0
BRDA:689,44,1,0
BRDA:695,45,0,0
BRDA:695,45,1,0
BRDA:697,46,0,0
BRDA:697,46,1,0
BRDA:704,47,0,0
BRDA:704,47,1,0
BRDA:705,48,0,0
BRDA:705,48,1,0
BRDA:706,49,0,0
BRDA:706,49,1,0
BRDA:707,50,0,0
BRDA:707,50,1,0
BRDA:708,51,0,0
BRDA:708,51,1,0
BRDA:717,52,0,0
BRDA:717,52,1,0
BRDA:719,53,0,0
BRDA:719,53,1,0
BRDA:800,54,0,0
BRDA:800,54,1,0
BRDA:876,55,0,0
BRDA:876,55,1,0
BRF:114
BRH:0
end_of_record
TN:
SF:client/src/pages/ai-visual-creator/index.tsx
FN:49,AIVisualCreator
FN:154,(anonymous_2)
FN:167,(anonymous_3)
FN:209,(anonymous_4)
FN:219,(anonymous_5)
FN:222,(anonymous_6)
FN:265,(anonymous_7)
FN:287,(anonymous_8)
FN:323,(anonymous_9)
FN:352,(anonymous_10)
FNF:10
FNH:0
FNDA:0,AIVisualCreator
FNDA:0,(anonymous_2)
FNDA:0,(anonymous_3)
FNDA:0,(anonymous_4)
FNDA:0,(anonymous_5)
FNDA:0,(anonymous_6)
FNDA:0,(anonymous_7)
FNDA:0,(anonymous_8)
FNDA:0,(anonymous_9)
FNDA:0,(anonymous_10)
DA:1,0
DA:2,0
DA:3,0
DA:4,0
DA:6,0
DA:7,0
DA:8,0
DA:14,0
DA:30,0
DA:49,0
DA:50,0
DA:51,0
DA:52,0
DA:53,0
DA:55,0
DA:64,0
DA:75,0
DA:110,0
DA:119,0
DA:154,0
DA:155,0
DA:156,0
DA:161,0
DA:164,0
DA:167,0
DA:168,0
DA:169,0
DA:173,0
DA:177,0
DA:209,0
DA:220,0
DA:222,0
DA:266,0
DA:288,0
DA:324,0
DA:353,0
LF:36
LH:0
BRDA:155,0,0,0
BRDA:155,0,1,0
BRDA:224,1,0,0
BRDA:224,1,1,0
BRDA:243,2,0,0
BRDA:243,2,1,0
BRF:6
BRH:0
end_of_record
TN:
SF:client/src/pages/analytics/index.tsx
FN:38,Analytics
FN:41,(anonymous_2)
FN:61,(anonymous_3)
FN:62,(anonymous_4)
FN:155,(anonymous_5)
FNF:5
FNH:0
FNDA:0,Analytics
FNDA:0,(anonymous_2)
FNDA:0,(anonymous_3)
FNDA:0,(anonymous_4)
FNDA:0,(anonymous_5)
DA:1,0
DA:2,0
DA:3,0
DA:4,0
DA:28,0
DA:38,0
DA:39,0
DA:42,0
DA:43,0
DA:44,0
DA:48,0
DA:60,0
DA:61,0
DA:62,0
DA:64,0
DA:68,0
DA:69,0
DA:78,0
DA:156,0
LF:19
LH:0
BRDA:43,0,0,0
BRDA:43,0,1,0
BRDA:48,1,0,0
BRDA:48,1,1,0
BRDA:64,2,0,0
BRDA:64,2,1,0
BRDA:68,3,0,0
BRDA:68,3,1,0
BRDA:153,4,0,0
BRDA:153,4,1,0
BRDA:159,5,0,0
BRDA:159,5,1,0
BRDA:168,6,0,0
BRDA:168,6,1,0
BRDA:197,7,0,0
BRDA:197,7,1,0
BRDA:234,8,0,0
BRDA:234,8,1,0
BRDA:243,9,0,0
BRDA:243,9,1,0
BRDA:252,10,0,0
BRDA:252,10,1,0
BRF:22
BRH:0
end_of_record
TN:
SF:client/src/pages/approvals/index.tsx
FN:71,Approvals
FN:82,(anonymous_2)
FN:86,(anonymous_3)
FN:92,(anonymous_4)
FN:104,(anonymous_5)
FN:122,(anonymous_6)
FN:133,(anonymous_7)
FN:143,(anonymous_8)
FN:171,(anonymous_9)
FN:206,(anonymous_10)
FN:278,(anonymous_11)
FN:288,(anonymous_12)
FN:323,(anonymous_13)
FN:332,(anonymous_14)
FN:344,(anonymous_15)
FN:357,(anonymous_16)
FN:371,(anonymous_17)
FN:386,(anonymous_18)
FN:419,(anonymous_19)
FN:461,(anonymous_20)
FN:467,(anonymous_21)
FNF:21
FNH:0
FNDA:0,Approvals
FNDA:0,(anonymous_2)
FNDA:0,(anonymous_3)
FNDA:0,(anonymous_4)
FNDA:0,(anonymous_5)
FNDA:0,(anonymous_6)
FNDA:0,(anonymous_7)
FNDA:0,(anonymous_8)
FNDA:0,(anonymous_9)
FNDA:0,(anonymous_10)
FNDA:0,(anonymous_11)
FNDA:0,(anonymous_12)
FNDA:0,(anonymous_13)
FNDA:0,(anonymous_14)
FNDA:0,(anonymous_15)
FNDA:0,(anonymous_16)
FNDA:0,(anonymous_17)
FNDA:0,(anonymous_18)
FNDA:0,(anonymous_19)
FNDA:0,(anonymous_20)
FNDA:0,(anonymous_21)
DA:1,0
DA:2,0
DA:3,0
DA:4,0
DA:5,0
DA:6,0
DA:7,0
DA:14,0
DA:15,0
DA:54,0
DA:64,0
DA:71,0
DA:72,0
DA:73,0
DA:74,0
DA:75,0
DA:76,0
DA:77,0
DA:78,0
DA:79,0
DA:80,0
DA:82,0
DA:83,0
DA:86,0
DA:87,0
DA:88,0
DA:92,0
DA:93,0
DA:94,0
DA:95,0
DA:99,0
DA:100,0
DA:103,0
DA:104,0
DA:110,0
DA:112,0
DA:118,0
DA:122,0
DA:123,0
DA:124,0
DA:128,0
DA:129,0
DA:132,0
DA:133,0
DA:137,0
DA:139,0
DA:143,0
DA:144,0
DA:145,0
DA:150,0
DA:151,0
DA:154,0
DA:160,0
DA:161,0
DA:163,0
DA:171,0
DA:172,0
DA:174,0
DA:175,0
DA:184,0
DA:185,0
DA:188,0
DA:193,0
DA:194,0
DA:195,0
DA:196,0
DA:198,0
DA:206,0
DA:207,0
DA:209,0
DA:210,0
DA:211,0
DA:220,0
DA:221,0
DA:224,0
DA:225,0
DA:229,0
DA:231,0
DA:236,0
DA:242,0
DA:246,0
DA:279,0
DA:289,0
DA:323,0
DA:333,0
DA:334,0
DA:344,0
DA:357,0
DA:372,0
DA:387,0
DA:419,0
DA:461,0
DA:468,0
DA:469,0
LF:94
LH:0
BRDA:87,0,0,0
BRDA:87,0,1,0
BRDA:99,1,0,0
BRDA:99,1,1,0
BRDA:106,2,0,0
BRDA:106,2,1,0
BRDA:108,3,0,0
BRDA:108,3,1,0
BRDA:114,4,0,0
BRDA:114,4,1,0
BRDA:128,5,0,0
BRDA:128,5,1,0
BRDA:150,6,0,0
BRDA:150,6,1,0
BRDA:165,7,0,0
BRDA:165,7,1,0
BRDA:172,8,0,0
BRDA:172,8,1,0
BRDA:184,9,0,0
BRDA:184,9,1,0
BRDA:200,10,0,0
BRDA:200,10,1,0
BRDA:207,11,0,0
BRDA:207,11,1,0
BRDA:207,12,0,0
BRDA:207,12,1,0
BRDA:220,13,0,0
BRDA:220,13,1,0
BRDA:238,14,0,0
BRDA:238,14,1,0
BRDA:261,15,0,0
BRDA:261,15,1,0
BRDA:268,16,0,0
BRDA:268,16,1,0
BRDA:283,17,0,0
BRDA:283,17,1,0
BRDA:285,18,0,0
BRDA:285,18,1,0
BRDA:302,19,0,0
BRDA:302,19,1,0
BRDA:357,20,0,0
BRDA:357,20,1,0
BRDA:357,21,0,0
BRDA:357,21,1,0
BRDA:366,22,0,0
BRDA:366,22,1,0
BRDA:381,23,0,0
BRDA:381,23,1,0
BRDA:396,24,0,0
BRDA:396,24,1,0
BRDA:396,24,2,0
BRDA:425,25,0,0
BRDA:425,25,1,0
BRDA:428,26,0,0
BRDA:428,26,1,0
BRF:55
BRH:0
end_of_record
TN:
SF:client/src/pages/auth/login.tsx
FN:10,Login
FN:17,(anonymous_1)
FN:81,(anonymous_2)
FN:94,(anonymous_3)
FNF:4
FNH:0
FNDA:0,Login
FNDA:0,(anonymous_1)
FNDA:0,(anonymous_2)
FNDA:0,(anonymous_3)
DA:1,0
DA:2,0
DA:3,0
DA:4,0
DA:5,0
DA:6,0
DA:7,0
DA:8,0
DA:10,0
DA:11,0
DA:12,0
DA:13,0
DA:14,0
DA:15,0
DA:17,0
DA:18,0
DA:19,0
DA:21,0
DA:22,0
DA:34,0
DA:36,0
DA:37,0
DA:40,0
DA:45,0
DA:47,0
DA:53,0
DA:57,0
DA:81,0
DA:94,0
LF:29
LH:0
BRDA:36,0,0,0
BRDA:36,0,1,0
BRDA:37,1,0,0
BRDA:37,1,1,0
BRDA:49,2,0,0
BRDA:49,2,1,0
BRDA:112,3,0,0
BRDA:112,3,1,0
BRF:8
BRH:0
end_of_record
TN:
SF:client/src/pages/auth/register.tsx
FN:10,Register
FN:21,(anonymous_1)
FN:21,(anonymous_2)
FN:22,(anonymous_3)
FN:25,(anonymous_4)
FNF:5
FNH:0
FNDA:0,Register
FNDA:0,(anonymous_1)
FNDA:0,(anonymous_2)
FNDA:0,(anonymous_3)
FNDA:0,(anonymous_4)
DA:1,0
DA:2,0
DA:3,0
DA:4,0
DA:5,0
DA:6,0
DA:7,0
DA:8,0
DA:10,0
DA:11,0
DA:12,0
DA:18,0
DA:19,0
DA:21,0
DA:22,0
DA:25,0
DA:26,0
DA:28,0
DA:29,0
DA:34,0
DA:37,0
DA:38,0
DA:43,0
DA:46,0
DA:48,0
DA:49,0
DA:63,0
DA:65,0
DA:66,0
DA:69,0
DA:74,0
DA:76,0
DA:82,0
DA:86,0
LF:34
LH:0
BRDA:28,0,0,0
BRDA:28,0,1,0
BRDA:37,1,0,0
BRDA:37,1,1,0
BRDA:65,2,0,0
BRDA:65,2,1,0
BRDA:66,3,0,0
BRDA:66,3,1,0
BRDA:78,4,0,0
BRDA:78,4,1,0
BRDA:177,5,0,0
BRDA:177,5,1,0
BRF:12
BRH:0
end_of_record
TN:
SF:client/src/pages/automation-rules/index.tsx
FN:51,AutomationRules
FN:206,(anonymous_2)
FN:214,(anonymous_3)
FN:222,(anonymous_4)
FN:247,(anonymous_5)
FN:266,(anonymous_6)
FN:282,(anonymous_7)
FN:292,(anonymous_8)
FN:292,(anonymous_9)
FN:314,(anonymous_10)
FN:328,(anonymous_11)
FN:355,(anonymous_12)
FN:387,(anonymous_13)
FN:409,(anonymous_14)
FN:423,(anonymous_15)
FN:450,(anonymous_16)
FN:491,(anonymous_17)
FNF:17
FNH:0
FNDA:0,AutomationRules
FNDA:0,(anonymous_2)
FNDA:0,(anonymous_3)
FNDA:0,(anonymous_4)
FNDA:0,(anonymous_5)
FNDA:0,(anonymous_6)
FNDA:0,(anonymous_7)
FNDA:0,(anonymous_8)
FNDA:0,(anonymous_9)
FNDA:0,(anonymous_10)
FNDA:0,(anonymous_11)
FNDA:0,(anonymous_12)
FNDA:0,(anonymous_13)
FNDA:0,(anonymous_14)
FNDA:0,(anonymous_15)
FNDA:0,(anonymous_16)
FNDA:0,(anonymous_17)
DA:1,0
DA:2,0
DA:3,0
DA:4,0
DA:5,0
DA:6,0
DA:7,0
DA:13,0
DA:34,0
DA:51,0
DA:52,0
DA:53,0
DA:55,0
DA:142,0
DA:199,0
DA:206,0
DA:207,0
DA:208,0
DA:214,0
DA:215,0
DA:222,0
DA:223,0
DA:224,0
DA:225,0
DA:226,0
DA:227,0
DA:231,0
DA:248,0
DA:266,0
DA:282,0
DA:292,0
DA:293,0
DA:314,0
DA:328,0
DA:356,0
DA:388,0
DA:409,0
DA:423,0
DA:451,0
DA:492,0
LF:40
LH:0
BRDA:207,0,0,0
BRDA:207,0,1,0
BRDA:209,1,0,0
BRDA:209,1,1,0
BRDA:210,2,0,0
BRDA:210,2,1,0
BRDA:223,3,0,0
BRDA:223,3,1,0
BRDA:223,3,2,0
BRDA:223,3,3,0
BRDA:316,4,0,0
BRDA:316,4,1,0
BRDA:411,5,0,0
BRDA:411,5,1,0
BRF:14
BRH:0
end_of_record
TN:
SF:client/src/pages/calendar/index.tsx
FN:70,Calendar
FN:83,(anonymous_2)
FN:87,(anonymous_3)
FN:100,(anonymous_4)
FN:122,(anonymous_5)
FN:126,(anonymous_6)
FN:130,(anonymous_7)
FN:136,(anonymous_8)
FN:137,(anonymous_9)
FN:150,(anonymous_10)
FN:156,(anonymous_11)
FN:162,(anonymous_12)
FN:169,(anonymous_13)
FN:178,(anonymous_14)
FN:204,(anonymous_15)
FN:208,(anonymous_16)
FN:211,(anonymous_17)
FN:228,(anonymous_18)
FN:244,(anonymous_19)
FN:308,(anonymous_20)
FN:336,(anonymous_21)
FN:361,(anonymous_22)
FN:367,(anonymous_23)
FN:368,(anonymous_24)
FN:389,(anonymous_25)
FN:391,(anonymous_26)
FN:397,(anonymous_27)
FN:410,(anonymous_28)
[...]
BRDA:716,32,1,0
BRDA:716,32,2,0
BRDA:717,33,0,0
BRDA:717,33,1,0
BRDA:717,33,2,0
BRDA:726,34,0,0
BRDA:726,34,1,0
BRDA:726,34,2,0
BRDA:731,35,0,0
BRDA:731,35,1,0
BRDA:732,36,0,0
BRDA:732,36,1,0
BRDA:745,37,0,0
BRDA:745,37,1,0
BRDA:746,38,0,0
BRDA:746,38,1,0
BRDA:747,39,0,0
BRDA:747,39,1,0
BRDA:748,40,0,0
BRDA:748,40,1,0
BRDA:753,41,0,0
BRDA:753,41,1,0
BRDA:754,42,0,0
BRDA:754,42,1,0
BRDA:755,43,0,0
BRDA:755,43,1,0
BRDA:768,44,0,0
BRDA:768,44,1,0
BRDA:793,45,0,0
BRDA:793,45,1,0
BRDA:806,46,0,0
BRDA:806,46,1,0
BRDA:807,47,0,0
BRDA:807,47,1,0
BRDA:821,48,0,0
BRDA:821,48,1,0
BRDA:841,49,0,0
BRDA:841,49,1,0
BRDA:842,50,0,0
BRDA:842,50,1,0
BRDA:879,51,0,0
BRDA:879,51,1,0
BRDA:880,52,0,0
BRDA:880,52,1,0
BRDA:890,53,0,0
BRDA:890,53,1,0
BRDA:916,54,0,0
BRDA:916,54,1,0
BRDA:917,55,0,0
BRDA:917,55,1,0
BRDA:918,56,0,0
BRDA:918,56,1,0
BRDA:919,57,0,0
BRDA:919,57,1,0
BRDA:929,58,0,0
BRDA:929,58,1,0
BRDA:946,59,0,0
BRDA:946,59,1,0
BRDA:956,60,0,0
BRDA:956,60,1,0
BRDA:957,61,0,0
BRDA:957,61,1,0
BRDA:958,62,0,0
BRDA:958,62,1,0
BRDA:959,63,0,0
BRDA:959,63,1,0
BRDA:960,64,0,0
BRDA:960,64,1,0
BRDA:961,65,0,0
BRDA:961,65,1,0
BRDA:972,66,0,0
BRDA:972,66,1,0
BRDA:1017,67,0,0
BRDA:1017,67,1,0
BRDA:1031,68,0,0
BRDA:1031,68,1,0
BRDA:1032,69,0,0
BRDA:1032,69,1,0
BRDA:1033,70,0,0
BRDA:1033,70,1,0
BRDA:1044,71,0,0
BRDA:1044,71,1,0
BRDA:1068,72,0,0
BRDA:1068,72,1,0
BRDA:1068,72,2,0
BRDA:1073,73,0,0
BRDA:1073,73,1,0
BRDA:1074,74,0,0
BRDA:1074,74,1,0
BRF:154
BRH:1
end_of_record
TN:
SF:server/suggestions.ts
FN:60,analyzeTiming
FN:66,(anonymous_1)
FN:88,(anonymous_2)
FN:92,(anonymous_3)
FN:93,(anonymous_4)
FN:120,suggestHashtags
FN:172,analyzeContent
FN:251,generateSuggestions
FN:281,(anonymous_8)
FN:287,getPlatformTips
FNF:10
FNH:0
FNDA:0,analyzeTiming
FNDA:0,(anonymous_1)
FNDA:0,(anonymous_2)
FNDA:0,(anonymous_3)
FNDA:0,(anonymous_4)
FNDA:0,suggestHashtags
FNDA:0,analyzeContent
FNDA:0,generateSuggestions
FNDA:0,(anonymous_8)
FNDA:0,getPlatformTips
DA:12,0
DA:49,0
DA:61,0
DA:63,0
DA:65,0
DA:67,0
DA:68,0
DA:69,0
DA:70,0
DA:74,0
DA:75,0
DA:85,0
DA:86,0
DA:88,0
DA:89,0
DA:90,0
DA:92,0
DA:93,0
DA:95,0
DA:96,0
DA:97,0
DA:98,0
DA:99,0
DA:100,0
DA:105,0
DA:106,0
DA:116,0
DA:121,0
DA:122,0
DA:125,0
DA:126,0
DA:127,0
DA:128,0
DA:129,0
DA:130,0
DA:131,0
DA:132,0
DA:133,0
DA:134,0
DA:135,0
DA:139,0
DA:141,0
DA:143,0
DA:144,0
DA:145,0
DA:147,0
DA:149,0
DA:150,0
DA:151,0
DA:156,0
DA:159,0
DA:168,0
DA:173,0
DA:174,0
DA:175,0
DA:177,0
DA:178,0
DA:179,0
DA:180,0
DA:183,0
DA:184,0
DA:194,0
DA:195,0
DA:204,0
DA:205,0
DA:215,0
DA:216,0
DA:217,0
DA:227,0
DA:228,0
DA:237,0
DA:238,0
DA:247,0
DA:251,0
DA:257,0
DA:260,0
DA:263,0
DA:266,0
DA:269,0
DA:270,0
DA:280,0
DA:281,0
DA:283,0
DA:287,0
DA:288,0
DA:333,0
LF:86
LH:0
BRDA:63,0,0,0
BRDA:63,0,1,0
BRDA:68,1,0,0
BRDA:68,1,1,0
BRDA:68,2,0,0
BRDA:68,2,1,0
BRDA:74,3,0,0
BRDA:74,3,1,0
BRDA:90,4,0,0
BRDA:90,4,1,0
BRDA:93,5,0,0
BRDA:93,5,1,0
BRDA:97,6,0,0
BRDA:97,6,1,0
BRDA:97,7,0,0
BRDA:97,7,1,0
BRDA:105,8,0,0
BRDA:105,8,1,0
BRDA:126,9,0,0
BRDA:126,9,1,0
BRDA:126,10,0,0
BRDA:126,10,1,0
BRDA:126,10,2,0
BRDA:128,11,0,0
BRDA:128,11,1,0
BRDA:128,12,0,0
BRDA:128,12,1,0
BRDA:130,13,0,0
BRDA:130,13,1,0
BRDA:130,14,0,0
BRDA:130,14,1,0
BRDA:130,14,2,0
BRDA:132,15,0,0
BRDA:132,15,1,0
BRDA:132,16,0,0
BRDA:132,16,1,0
BRDA:132,16,2,0
BRDA:134,17,0,0
BRDA:134,17,1,0
BRDA:134,18,0,0
BRDA:134,18,1,0
BRDA:139,19,0,0
BRDA:139,19,1,0
BRDA:141,20,0,0
BRDA:141,20,1,0
BRDA:143,21,0,0
BRDA:143,21,1,0
BRDA:144,22,0,0
BRDA:144,22,1,0
BRDA:145,23,0,0
BRDA:145,23,1,0
BRDA:149,24,0,0
BRDA:149,24,1,0
BRDA:149,25,0,0
BRDA:149,25,1,0
BRDA:149,25,2,0
BRDA:152,26,0,0
BRDA:152,26,1,0
BRDA:153,27,0,0
BRDA:153,27,1,0
BRDA:154,28,0,0
BRDA:154,28,1,0
BRDA:183,29,0,0
BRDA:183,29,1,0
BRDA:183,30,0,0
BRDA:183,30,1,0
BRDA:194,31,0,0
BRDA:194,31,1,0
BRDA:194,32,0,0
BRDA:194,32,1,0
BRDA:204,33,0,0
BRDA:204,33,1,0
BRDA:204,34,0,0
BRDA:204,34,1,0
BRDA:204,34,2,0
BRDA:215,35,0,0
BRDA:215,35,1,0
BRDA:216,36,0,0
BRDA:216,36,1,0
BRDA:227,37,0,0
BRDA:227,37,1,0
BRDA:227,38,0,0
BRDA:227,38,1,0
BRDA:237,39,0,0
BRDA:237,39,1,0
BRDA:237,40,0,0
BRDA:237,40,1,0
BRDA:269,41,0,0
BRDA:269,41,1,0
BRDA:269,42,0,0
BRDA:269,42,1,0
BRDA:333,43,0,0
BRDA:333,43,1,0
BRF:93
BRH:0
end_of_record
TN:
SF:server/token-refresher.ts
FN:12,refreshExpiringTokens
FN:26,(anonymous_1)
FN:112,(anonymous_2)
FN:118,(anonymous_3)
FN:136,startTokenRefreshJob
FN:142,(anonymous_5)
FN:147,(anonymous_6)
FN:148,(anonymous_7)
FN:159,stopTokenRefreshJob
FNF:9
FNH:0
FNDA:0,refreshExpiringTokens
FNDA:0,(anonymous_1)
FNDA:0,(anonymous_2)
FNDA:0,(anonymous_3)
FNDA:0,startTokenRefreshJob
FNDA:0,(anonymous_5)
FNDA:0,(anonymous_6)
FNDA:0,(anonymous_7)
FNDA:0,stopTokenRefreshJob
DA:6,0
DA:7,0
DA:12,0
DA:13,0
DA:15,0
DA:17,0
DA:18,0
DA:19,0
DA:22,0
DA:25,0
DA:27,0
DA:29,0
DA:30,0
DA:31,0
DA:40,0
DA:41,0
DA:42,0
DA:50,0
DA:53,0
DA:55,0
DA:56,0
DA:60,0
DA:66,0
DA:68,0
DA:75,0
DA:82,0
DA:83,0
DA:96,0
DA:98,0
DA:101,0
DA:112,0
DA:113,0
DA:115,0
DA:118,0
DA:119,0
DA:120,0
DA:123,0
DA:124,0
DA:128,0
DA:136,0
DA:137,0
DA:139,0
DA:142,0
DA:143,0
DA:147,0
DA:148,0
DA:149,0
DA:153,0
DA:159,0
DA:160,0
DA:161,0
LF:51
LH:0
BRDA:17,0,0,0
BRDA:17,0,1,0
BRDA:29,1,0,0
BRDA:29,1,1,0
BRDA:40,2,0,0
BRDA:40,2,1,0
BRDA:55,3,0,0
BRDA:55,3,1,0
BRDA:62,4,0,0
BRDA:62,4,1,0
BRDA:63,5,0,0
BRDA:63,5,1,0
BRDA:112,6,0,0
BRDA:112,6,1,0
BRDA:119,7,0,0
BRDA:119,7,1,0
BRDA:119,8,0,0
BRDA:119,8,1,0
BRDA:123,9,0,0
BRDA:123,9,1,0
BRDA:136,10,0,0
BRF:21
BRH:0
end_of_record
TN:
SF:server/vite.ts
FN:15,log
FN:26,setupVite
FN:38,(anonymous_3)
FN:48,(anonymous_4)
FN:70,serveStatic
FN:89,(anonymous_6)
FNF:6
FNH:0
FNDA:0,log
FNDA:0,setupVite
FNDA:0,(anonymous_3)
FNDA:0,(anonymous_4)
FNDA:0,serveStatic
FNDA:0,(anonymous_6)
DA:1,0
DA:2,0
DA:3,0
DA:4,0
DA:6,0
DA:8,0
DA:9,0
DA:11,0
DA:13,0
DA:15,0
DA:16,0
DA:23,0
DA:26,0
DA:27,0
DA:33,0
DA:39,0
DA:40,0
DA:47,0
DA:48,0
DA:49,0
DA:51,0
DA:52,0
DA:60,0
DA:61,0
DA:62,0
DA:64,0
DA:65,0
DA:70,0
DA:71,0
DA:74,0
DA:75,0
DA:76,0
DA:77,0
DA:79,0
DA:84,0
DA:85,0
DA:89,0
DA:90,0
DA:91,0
DA:92,0
DA:94,0
LF:41
LH:0
BRDA:15,0,0,0
BRDA:74,1,0,0
BRDA:74,1,1,0
BRDA:84,2,0,0
BRDA:84,2,1,0
BRDA:91,3,0,0
BRDA:91,3,1,0
BRF:7
BRH:0
end_of_record
TN:
SF:server/api/ai.ts
FN:25,(anonymous_1)
FN:83,(anonymous_2)
FN:126,(anonymous_3)
FN:156,(anonymous_4)
FN:157,(anonymous_5)
FN:170,(anonymous_6)
FN:215,(anonymous_7)
FNF:7
FNH:0
FNDA:0,(anonymous_1)
FNDA:0,(anonymous_2)
FNDA:0,(anonymous_3)
FNDA:0,(anonymous_4)
FNDA:0,(anonymous_5)
FNDA:0,(anonymous_6)
FNDA:0,(anonymous_7)
DA:1,0
DA:2,0
DA:4,0
DA:7,0
DA:11,0
DA:25,0
DA:26,0
DA:27,0
DA:28,0
DA:34,0
DA:36,0
DA:37,0
DA:40,0
DA:41,0
DA:43,0
DA:45,0
DA:46,0
DA:49,0
DA:50,0
DA:53,0
DA:55,0
DA:65,0
DA:67,0
DA:74,0
DA:75,0
DA:83,0
DA:84,0
DA:85,0
DA:86,0
DA:92,0
DA:94,0
DA:95,0
DA:98,0
DA:100,0
DA:113,0
DA:117,0
DA:118,0
DA:126,0
DA:127,0
DA:128,0
DA:129,0
DA:135,0
DA:137,0
DA:138,0
DA:141,0
DA:154,0
DA:156,0
DA:157,0
DA:159,0
DA:161,0
DA:162,0
DA:170,0
DA:171,0
DA:172,0
DA:173,0
DA:179,0
DA:181,0
DA:182,0
DA:185,0
DA:187,0
DA:188,0
DA:201,0
DA:204,0
DA:206,0
DA:207,0
DA:215,0
DA:216,0
DA:217,0
DA:218,0
DA:224,0
DA:226,0
DA:227,0
DA:230,0
DA:232,0
DA:245,0
DA:255,0
DA:256,0
DA:263,0
LF:78
LH:0
BRDA:7,0,0,0
BRDA:7,0,1,0
BRDA:27,1,0,0
BRDA:27,1,1,0
BRDA:36,2,0,0
BRDA:36,2,1,0
BRDA:40,3,0,0
BRDA:40,3,1,0
BRDA:41,4,0,0
BRDA:41,4,1,0
BRDA:45,5,0,0
BRDA:45,5,1,0
BRDA:45,6,0,0
BRDA:45,6,1,0
BRDA:49,7,0,0
BRDA:49,7,1,0
BRDA:85,8,0,0
BRDA:85,8,1,0
BRDA:94,9,0,0
BRDA:94,9,1,0
BRDA:98,10,0,0
BRDA:98,10,1,0
BRDA:105,11,0,0
BRDA:105,11,1,0
BRDA:128,12,0,0
BRDA:128,12,1,0
BRDA:135,13,0,0
BRDA:137,14,0,0
BRDA:137,14,1,0
BRDA:146,15,0,0
BRDA:146,15,1,0
BRDA:172,16,0,0
BRDA:172,16,1,0
BRDA:181,17,0,0
BRDA:181,17,1,0
BRDA:181,18,0,0
BRDA:181,18,1,0
BRDA:201,19,0,0
BRDA:201,19,1,0
BRDA:217,20,0,0
BRDA:217,20,1,0
BRDA:226,21,0,0
BRDA:226,21,1,0
BRDA:230,22,0,0
BRDA:230,22,1,0
BRDA:237,23,0,0
BRDA:237,23,1,0
BRF:47
BRH:0
end_of_record
TN:
SF:server/middleware/security.ts
FN:57,(anonymous_1)
FN:59,(anonymous_2)
FNF:2
FNH:2
FNDA:10,(anonymous_1)
FNDA:52,(anonymous_2)
DA:1,1
DA:2,1
DA:4,1
DA:7,1
DA:24,1
DA:33,1
DA:41,1
DA:50,1
DA:57,1
DA:59,10
DA:60,52
DA:62,15
DA:71,37
DA:72,33
DA:73,22
DA:76,37
DA:79,10
DA:80,10
DA:81,10
DA:83,10
LF:20
LH:20
BRDA:25,0,0,0
BRDA:25,0,1,1
BRDA:26,1,0,0
BRDA:26,1,1,0
BRDA:60,2,0,15
BRDA:60,2,1,37
BRDA:71,3,0,33
BRDA:71,3,1,4
BRDA:71,4,0,37
BRDA:71,4,1,34
BRF:10
BRH:7
end_of_record
TN:
SF:server/publishers/facebook.ts
FN:20,publishToFacebook
FN:30,(anonymous_2)
FN:149,publishFacebookVideo
FN:188,publishFacebookAlbum
FN:209,(anonymous_5)
FN:236,isVideoUrl
FN:239,(anonymous_7)
FN:246,getFacebookPostInsights
FN:269,deleteFacebookPost
FNF:9
FNH:0
FNDA:0,publishToFacebook
FNDA:0,(anonymous_2)
FNDA:0,publishFacebookVideo
FNDA:0,publishFacebookAlbum
FNDA:0,(anonymous_5)
FNDA:0,isVideoUrl
FNDA:0,(anonymous_7)
FNDA:0,getFacebookPostInsights
FNDA:0,deleteFacebookPost
DA:1,0
DA:3,0
DA:6,0
DA:7,0
DA:20,0
DA:24,0
DA:25,0
DA:28,0
DA:29,0
DA:30,0
DA:33,0
DA:34,0
DA:41,0
DA:42,0
DA:49,0
DA:55,0
DA:56,0
DA:58,0
DA:59,0
DA:61,0
DA:62,0
DA:65,0
DA:69,0
DA:74,0
DA:76,0
DA:78,0
DA:82,0
DA:83,0
DA:84,0
DA:90,0
DA:97,0
DA:100,0
DA:101,0
DA:104,0
DA:106,0
DA:112,0
DA:118,0
DA:124,0
DA:130,0
DA:138,0
DA:153,0
DA:154,0
DA:156,0
DA:158,0
DA:162,0
DA:163,0
DA:169,0
DA:176,0
DA:177,0
DA:193,0
DA:194,0
DA:197,0
DA:198,0
DA:204,0
DA:205,0
DA:208,0
DA:209,0
DA:210,0
DA:216,0
DA:218,0
DA:224,0
DA:225,0
DA:237,0
DA:238,0
DA:239,0
DA:246,0
DA:250,0
DA:251,0
DA:252,0
DA:259,0
DA:261,0
DA:262,0
DA:269,0
DA:273,0
DA:274,0
DA:275,0
DA:278,0
DA:280,0
DA:281,0
LF:79
LH:0
BRDA:30,0,0,0
BRDA:30,0,1,0
BRDA:33,1,0,0
BRDA:33,1,1,0
BRDA:41,2,0,0
BRDA:41,2,1,0
BRDA:41,3,0,0
BRDA:41,3,1,0
BRDA:55,4,0,0
BRDA:55,4,1,0
BRDA:55,5,0,0
BRDA:55,5,1,0
BRDA:56,6,0,0
BRDA:56,6,1,0
BRDA:59,7,0,0
BRDA:59,7,1,0
BRDA:82,8,0,0
BRDA:82,8,1,0
BRDA:82,9,0,0
BRDA:82,9,1,0
BRDA:100,10,0,0
BRDA:100,10,1,0
BRDA:104,11,0,0
BRDA:104,11,1,0
BRDA:104,11,2,0
BRDA:104,11,3,0
BRDA:104,11,4,0
BRDA:132,12,0,0
BRDA:132,12,1,0
BRDA:140,13,0,0
BRDA:140,13,1,0
BRDA:162,14,0,0
BRDA:162,14,1,0
BRDA:162,15,0,0
BRDA:162,15,1,0
BRDA:179,16,0,0
BRDA:179,16,1,0
BRDA:179,16,2,0
BRDA:227,17,0,0
BRDA:227,17,1,0
BRDA:227,17,2,0
BRF:41
BRH:0
end_of_record
TN:
SF:server/publishers/index.ts
FN:6,(anonymous_0)
FN:6,(anonymous_1)
FN:6,(anonymous_2)
FN:7,(anonymous_3)
FN:7,(anonymous_4)
FN:7,(anonymous_5)
FN:7,(anonymous_6)
FN:8,(anonymous_7)
FN:8,(anonymous_8)
FN:8,(anonymous_9)
FN:8,(anonymous_10)
FN:9,(anonymous_11)
FN:9,(anonymous_12)
FN:9,(anonymous_13)
FNF:14
FNH:0
FNDA:0,(anonymous_0)
FNDA:0,(anonymous_1)
FNDA:0,(anonymous_2)
FNDA:0,(anonymous_3)
FNDA:0,(anonymous_4)
FNDA:0,(anonymous_5)
FNDA:0,(anonymous_6)
FNDA:0,(anonymous_7)
FNDA:0,(anonymous_8)
FNDA:0,(anonymous_9)
FNDA:0,(anonymous_10)
FNDA:0,(anonymous_11)
FNDA:0,(anonymous_12)
FNDA:0,(anonymous_13)
DA:6,0
DA:7,0
DA:8,0
DA:9,0
LF:4
LH:0
BRF:0
BRH:0
end_of_record
TN:
SF:server/publishers/instagram.ts
FN:21,publishToInstagram
FN:31,(anonymous_2)
FN:124,publishInstagramPhoto
FN:179,publishInstagramVideo
FN:212,(anonymous_5)
FN:274,publishInstagramCarousel
FN:346,isVideoUrl
FN:349,(anonymous_8)
FN:355,getInstagramPostInsights
FN:379,deleteInstagramPost
FNF:10
FNH:0
FNDA:0,publishToInstagram
FNDA:0,(anonymous_2)
FNDA:0,publishInstagramPhoto
FNDA:0,publishInstagramVideo
FNDA:0,(anonymous_5)
FNDA:0,publishInstagramCarousel
FNDA:0,isVideoUrl
FNDA:0,(anonymous_8)
FNDA:0,getInstagramPostInsights
FNDA:0,deleteInstagramPost
DA:1,0
DA:3,0
DA:5,0
DA:6,0
DA:21,0
DA:25,0
DA:26,0
DA:29,0
DA:30,0
DA:31,0
DA:34,0
DA:35,0
DA:42,0
DA:43,0
DA:50,0
DA:51,0
DA:58,0
DA:59,0
DA:66,0
DA:68,0
DA:69,0
DA:70,0
DA:72,0
DA:76,0
DA:79,0
DA:81,0
DA:82,0
DA:85,0
DA:87,0
DA:93,0
DA:99,0
DA:105,0
DA:113,0
DA:129,0
DA:130,0
DA:133,0
DA:135,0
DA:147,0
DA:148,0
DA:151,0
DA:153,0
DA:158,0
DA:159,0
DA:161,0
DA:167,0
DA:168,0
DA:184,0
DA:185,0
DA:188,0
DA:190,0
DA:203,0
DA:204,0
DA:207,0
DA:208,0
DA:209,0
DA:211,0
DA:212,0
DA:214,0
DA:224,0
DA:226,0
DA:227,0
DA:228,0
DA:229,0
DA:235,0
DA:238,0
DA:239,0
DA:246,0
DA:248,0
DA:253,0
DA:254,0
DA:256,0
DA:262,0
DA:263,0
DA:279,0
DA:280,0
DA:283,0
DA:284,0
DA:291,0
DA:292,0
DA:294,0
DA:295,0
DA:301,0
DA:304,0
DA:307,0
DA:314,0
DA:315,0
DA:318,0
DA:320,0
DA:325,0
DA:326,0
DA:328,0
DA:334,0
DA:335,0
DA:347,0
DA:348,0
DA:349,0
DA:355,0
DA:359,0
DA:360,0
DA:362,0
DA:369,0
DA:371,0
DA:372,0
DA:379,0
DA:383,0
DA:384,0
DA:386,0
DA:390,0
DA:391,0
DA:393,0
DA:394,0
LF:111
LH:0
BRDA:31,0,0,0
BRDA:31,0,1,0
BRDA:34,1,0,0
BRDA:34,1,1,0
BRDA:42,2,0,0
BRDA:42,2,1,0
BRDA:42,3,0,0
BRDA:42,3,1,0
BRDA:50,4,0,0
BRDA:50,4,1,0
BRDA:58,5,0,0
BRDA:58,5,1,0
BRDA:58,6,0,0
BRDA:58,6,1,0
BRDA:66,7,0,0
BRDA:66,7,1,0
BRDA:69,8,0,0
BRDA:69,8,1,0
BRDA:81,9,0,0
BRDA:81,9,1,0
BRDA:85,10,0,0
BRDA:85,10,1,0
BRDA:85,10,2,0
BRDA:85,10,3,0
BRDA:107,11,0,0
BRDA:107,11,1,0
BRDA:115,12,0,0
BRDA:115,12,1,0
BRDA:170,13,0,0
BRDA:170,13,1,0
BRDA:170,13,2,0
BRDA:211,14,0,0
BRDA:211,14,1,0
BRDA:226,15,0,0
BRDA:226,15,1,0
BRDA:228,16,0,0
BRDA:228,16,1,0
BRDA:238,17,0,0
BRDA:238,17,1,0
BRDA:265,18,0,0
BRDA:265,18,1,0
BRDA:265,18,2,0
BRDA:283,19,0,0
BRDA:283,19,1,0
BRDA:337,20,0,0
BRDA:337,20,1,0
BRDA:337,20,2,0
BRF:47
BRH:0
end_of_record
TN:
SF:server/publishers/linkedin.ts
FN:18,publishToLinkedIn
FN:28,(anonymous_2)
FN:170,prepareLinkedInMedia
FN:247,publishToLinkedInOrganization
FN:302,deleteLinkedInPost
FN:326,getLinkedInPostAnalytics
FNF:6
FNH:0
FNDA:0,publishToLinkedIn
FNDA:0,(anonymous_2)
FNDA:0,prepareLinkedInMedia
FNDA:0,publishToLinkedInOrganization
FNDA:0,deleteLinkedInPost
FNDA:0,getLinkedInPostAnalytics
DA:1,0
DA:3,0
DA:5,0
DA:18,0
DA:22,0
DA:23,0
DA:26,0
DA:27,0
DA:28,0
DA:31,0
DA:32,0
DA:39,0
DA:40,0
DA:47,0
DA:48,0
DA:55,0
DA:72,0
DA:74,0
DA:80,0
DA:81,0
DA:83,0
DA:88,0
DA:90,0
DA:92,0
DA:101,0
DA:102,0
DA:103,0
DA:105,0
DA:111,0
DA:118,0
DA:121,0
DA:122,0
DA:125,0
DA:126,0
DA:133,0
DA:134,0
DA:141,0
DA:142,0
DA:150,0
DA:152,0
DA:159,0
DA:175,0
DA:176,0
DA:178,0
DA:180,0
DA:182,0
DA:195,0
DA:202,0
DA:205,0
DA:208,0
DA:213,0
DA:220,0
DA:231,0
DA:234,0
DA:239,0
DA:240,0
DA:247,0
DA:252,0
DA:253,0
DA:269,0
DA:277,0
DA:278,0
DA:285,0
DA:290,0
DA:291,0
DA:302,0
DA:306,0
DA:307,0
DA:309,0
DA:315,0
DA:316,0
DA:318,0
DA:319,0
DA:326,0
DA:330,0
DA:331,0
DA:333,0
DA:339,0
DA:341,0
DA:342,0
LF:80
LH:0
BRDA:28,0,0,0
BRDA:28,0,1,0
BRDA:31,1,0,0
BRDA:31,1,1,0
BRDA:39,2,0,0
BRDA:39,2,1,0
BRDA:39,3,0,0
BRDA:39,3,1,0
BRDA:47,4,0,0
BRDA:47,4,1,0
BRDA:72,5,0,0
BRDA:72,5,1,0
BRDA:72,6,0,0
BRDA:72,6,1,0
BRDA:80,7,0,0
BRDA:80,7,1,0
BRDA:101,8,0,0
BRDA:101,8,1,0
BRDA:101,9,0,0
BRDA:101,9,1,0
BRDA:121,10,0,0
BRDA:121,10,1,0
BRDA:125,11,0,0
BRDA:125,11,1,0
BRDA:133,12,0,0
BRDA:133,12,1,0
BRDA:141,13,0,0
BRDA:141,13,1,0
BRDA:150,14,0,0
BRDA:150,14,1,0
BRDA:150,14,2,0
BRDA:161,15,0,0
BRDA:161,15,1,0
BRDA:277,16,0,0
BRDA:277,16,1,0
BRDA:277,17,0,0
BRDA:277,17,1,0
BRDA:293,18,0,0
BRDA:293,18,1,0
BRDA:293,18,2,0
BRF:40
BRH:0
end_of_record
TN:
SF:server/publishers/twitter.ts
FN:18,publishToTwitter
FN:28,(anonymous_2)
FN:165,uploadTwitterMedia
FN:215,deleteTwitterPost
FN:240,getTwitterPostMetrics
FN:267,publishTwitterThread
FNF:6
FNH:0
FNDA:0,publishToTwitter
FNDA:0,(anonymous_2)
FNDA:0,uploadTwitterMedia
FNDA:0,deleteTwitterPost
FNDA:0,getTwitterPostMetrics
FNDA:0,publishTwitterThread
DA:1,0
DA:3,0
DA:5,0
DA:18,0
DA:22,0
DA:23,0
DA:26,0
DA:27,0
DA:28,0
DA:31,0
DA:32,0
DA:39,0
DA:40,0
DA:47,0
DA:48,0
DA:55,0
DA:60,0
DA:62,0
DA:63,0
DA:70,0
DA:75,0
DA:76,0
DA:83,0
DA:85,0
DA:87,0
DA:95,0
DA:96,0
DA:97,0
DA:99,0
DA:105,0
DA:112,0
DA:115,0
DA:116,0
DA:119,0
DA:122,0
DA:123,0
DA:130,0
DA:131,0
DA:138,0
DA:139,0
DA:146,0
DA:153,0
DA:169,0
DA:171,0
DA:174,0
DA:176,0
DA:180,0
DA:181,0
DA:184,0
DA:186,0
DA:199,0
DA:200,0
DA:201,0
DA:205,0
DA:208,0
DA:215,0
DA:219,0
DA:220,0
DA:222,0
DA:228,0
DA:229,0
DA:231,0
DA:232,0
DA:240,0
DA:244,0
DA:245,0
DA:247,0
DA:256,0
DA:258,0
DA:259,0
DA:267,0
DA:272,0
DA:273,0
DA:274,0
DA:276,0
DA:277,0
DA:282,0
DA:283,0
DA:289,0
DA:290,0
DA:291,0
DA:292,0
DA:298,0
DA:309,0
DA:310,0
DA:311,0
DA:312,0
DA:313,0
DA:317,0
DA:323,0
DA:324,0
LF:91
LH:0
BRDA:28,0,0,0
BRDA:28,0,1,0
BRDA:31,1,0,0
BRDA:31,1,1,0
BRDA:39,2,0,0
BRDA:39,2,1,0
BRDA:39,3,0,0
BRDA:39,3,1,0
BRDA:47,4,0,0
BRDA:47,4,1,0
BRDA:60,5,0,0
BRDA:60,5,1,0
BRDA:60,6,0,0
BRDA:60,6,1,0
BRDA:62,7,0,0
BRDA:62,7,1,0
BRDA:75,8,0,0
BRDA:75,8,1,0
BRDA:95,9,0,0
BRDA:95,9,1,0
BRDA:95,10,0,0
BRDA:95,10,1,0
BRDA:95,10,2,0
BRDA:115,11,0,0
BRDA:115,11,1,0
BRDA:119,12,0,0
BRDA:119,12,1,0
BRDA:119,12,2,0
BRDA:122,13,0,0
BRDA:122,13,1,0
BRDA:130,14,0,0
BRDA:130,14,1,0
BRDA:138,15,0,0
BRDA:138,15,1,0
BRDA:138,16,0,0
BRDA:138,16,1,0
BRDA:155,17,0,0
BRDA:155,17,1,0
BRDA:199,18,0,0
BRDA:199,18,1,0
BRDA:199,19,0,0
BRDA:199,19,1,0
BRDA:282,20,0,0
BRDA:282,20,1,0
BRDA:289,21,0,0
BRDA:289,21,1,0
BRDA:289,22,0,0
BRDA:289,22,1,0
BRDA:289,22,2,0
BRDA:291,23,0,0
BRDA:291,23,1,0
BRDA:309,24,0,0
BRDA:309,24,1,0
BRDA:326,25,0,0
BRDA:326,25,1,0
BRDA:326,25,2,0
BRF:56
BRH:0
end_of_record
TN:
SF:server/utils/password-validator.ts
FN:30,validatePassword
FN:68,(anonymous_1)
FN:92,getPasswordStrength
FN:115,getPasswordStrengthLabel
FNF:4
FNH:0
FNDA:0,validatePassword
FNDA:0,(anonymous_1)
FNDA:0,getPasswordStrength
FNDA:0,getPasswordStrengthLabel
DA:19,0
DA:30,0
DA:34,0
DA:37,0
DA:38,0
DA:42,0
DA:43,0
DA:47,0
DA:48,0
DA:52,0
DA:53,0
DA:57,0
DA:58,0
DA:62,0
DA:68,0
DA:69,0
DA:73,0
DA:74,0
DA:78,0
DA:79,0
DA:82,0
DA:92,0
DA:93,0
DA:96,0
DA:97,0
DA:98,0
DA:101,0
DA:102,0
DA:103,0
DA:106,0
DA:107,0
DA:109,0
DA:115,0
DA:116,0
DA:117,0
DA:118,0
LF:36
LH:0
BRDA:32,0,0,0
BRDA:37,1,0,0
BRDA:37,1,1,0
BRDA:42,2,0,0
BRDA:42,2,1,0
BRDA:42,3,0,0
BRDA:42,3,1,0
BRDA:47,4,0,0
BRDA:47,4,1,0
BRDA:47,5,0,0
BRDA:47,5,1,0
BRDA:52,6,0,0
BRDA:52,6,1,0
BRDA:52,7,0,0
BRDA:52,7,1,0
BRDA:57,8,0,0
BRDA:57,8,1,0
BRDA:57,9,0,0
BRDA:57,9,1,0
BRDA:68,10,0,0
BRDA:68,10,1,0
BRDA:73,11,0,0
BRDA:73,11,1,0
BRDA:78,12,0,0
BRDA:78,12,1,0
BRDA:96,13,0,0
BRDA:96,13,1,0
BRDA:97,14,0,0
BRDA:97,14,1,0
BRDA:98,15,0,0
BRDA:98,15,1,0
BRDA:101,16,0,0
BRDA:101,16,1,0
BRDA:101,17,0,0
BRDA:101,17,1,0
BRDA:102,18,0,0
BRDA:102,18,1,0
BRDA:103,19,0,0
BRDA:103,19,1,0
BRDA:106,20,0,0
BRDA:106,20,1,0
BRDA:107,21,0,0
BRDA:107,21,1,0
BRF:43
BRH:0
end_of_record
TN:
SF:server/utils/retry.ts
FN:38,withRetry
FN:82,isRetryableError
FN:90,(anonymous_2)
FN:104,sleep
FN:105,(anonymous_4)
FN:111,withRetryAndJitter
FN:157,(anonymous_6)
FN:163,(anonymous_7)
FN:197,(anonymous_8)
FN:211,(anonymous_9)
FN:223,(anonymous_10)
FN:227,(anonymous_11)
FNF:12
FNH:0
FNDA:0,withRetry
FNDA:0,isRetryableError
FNDA:0,(anonymous_2)
FNDA:0,sleep
FNDA:0,(anonymous_4)
FNDA:0,withRetryAndJitter
FNDA:0,(anonymous_6)
FNDA:0,(anonymous_7)
FNDA:0,(anonymous_8)
FNDA:0,(anonymous_9)
FNDA:0,(anonymous_10)
FNDA:0,(anonymous_11)
DA:14,0
DA:38,0
DA:42,0
DA:44,0
DA:46,0
DA:47,0
DA:48,0
DA:49,0
DA:51,0
DA:54,0
DA:56,0
DA:57,0
DA:61,0
DA:64,0
DA:69,0
DA:72,0
DA:76,0
DA:83,0
DA:85,0
DA:86,0
DA:87,0
DA:88,0
DA:90,0
DA:91,0
DA:92,0
DA:105,0
DA:111,0
DA:115,0
DA:117,0
DA:119,0
DA:120,0
DA:121,0
DA:123,0
DA:125,0
DA:127,0
DA:128,0
DA:132,0
DA:133,0
DA:135,0
DA:139,0
DA:141,0
DA:145,0
DA:151,0
DA:152,0
DA:153,0
DA:154,0
DA:155,0
DA:158,0
DA:159,0
DA:160,0
DA:165,0
DA:170,0
DA:171,0
DA:172,0
DA:176,0
DA:177,0
DA:182,0
DA:183,0
DA:186,0
DA:188,0
DA:191,0
DA:193,0
DA:198,0
DA:200,0
DA:201,0
DA:203,0
DA:204,0
DA:205,0
DA:206,0
DA:212,0
DA:213,0
DA:215,0
DA:216,0
DA:219,0
DA:224,0
DA:228,0
DA:229,0
DA:230,0
DA:231,0
LF:79
LH:0
BRDA:40,0,0,0
BRDA:56,1,0,0
BRDA:56,1,1,0
BRDA:56,2,0,0
BRDA:56,2,1,0
BRDA:59,3,0,0
BRDA:59,3,1,0
BRDA:65,4,0,0
BRDA:65,4,1,0
BRDA:83,5,0,0
BRDA:83,5,1,0
BRDA:86,6,0,0
BRDA:86,6,1,0
BRDA:87,7,0,0
BRDA:87,7,1,0
BRDA:88,8,0,0
BRDA:88,8,1,0
BRDA:93,9,0,0
BRDA:93,9,1,0
BRDA:93,9,2,0
BRDA:93,9,3,0
BRDA:113,10,0,0
BRDA:127,11,0,0
BRDA:127,11,1,0
BRDA:127,12,0,0
BRDA:127,12,1,0
BRDA:158,13,0,0
BRDA:159,14,0,0
BRDA:160,15,0,0
BRDA:165,16,0,0
BRDA:165,16,1,0
BRDA:166,17,0,0
BRDA:166,17,1,0
BRDA:166,17,2,0
BRDA:176,18,0,0
BRDA:176,18,1,0
BRDA:200,19,0,0
BRDA:200,19,1,0
BRDA:203,20,0,0
BRDA:203,20,1,0
BRDA:215,21,0,0
BRDA:215,21,1,0
BRF:42
BRH:0
end_of_record
